-- The C compiler identification is GNU 11.4.0
-- The CXX compiler identification is GNU 11.4.0
-- Detecting C compiler ABI info
-- Detecting C compiler ABI info - done
-- Check for working C compiler: /usr/bin/cc - skipped
-- Detecting C compile features
-- Detecting C compile features - done
-- Detecting CXX compiler ABI info
-- Detecting CXX compiler ABI info - done
-- Check for working CXX compiler: /usr/bin/c++ - skipped
-- Detecting CXX compile features
-- Detecting CXX compile features - done
-- Found ament_cmake: 1.3.11 (/opt/ros/humble/share/ament_cmake/cmake)
-- Found Python3: /usr/bin/python3 (found version "3.10.12") found components: Interpreter 
-- Override CMake install command with custom implementation using symlinks instead of copying resources
-- Found builtin_interfaces: 1.2.1 (/opt/ros/humble/share/builtin_interfaces/cmake)
-- Found rosidl_generator_c: 3.1.6 (/opt/ros/humble/share/rosidl_generator_c/cmake)
-- Found rosidl_adapter: 3.1.6 (/opt/ros/humble/share/rosidl_adapter/cmake)
-- Found rosidl_generator_cpp: 3.1.6 (/opt/ros/humble/share/rosidl_generator_cpp/cmake)
-- Using all available rosidl_typesupport_c: rosidl_typesupport_fastrtps_c;rosidl_typesupport_introspection_c
-- Using all available rosidl_typesupport_cpp: rosidl_typesupport_fastrtps_cpp;rosidl_typesupport_introspection_cpp
-- Found geometry_msgs: 4.8.0 (/opt/ros/humble/share/geometry_msgs/cmake)
-- Found rosidl_default_generators: 1.2.0 (/opt/ros/humble/share/rosidl_default_generators/cmake)
-- Found ament_cmake_cppcheck: 0.12.12 (/opt/ros/humble/share/ament_cmake_cppcheck/cmake)
-- Found ament_cmake_cpplint: 0.12.12 (/opt/ros/humble/share/ament_cmake_cpplint/cmake)
-- Found ament_cmake_uncrustify: 0.12.12 (/opt/ros/humble/share/ament_cmake_uncrustify/cmake)
-- Found ament_cmake_ros: 0.10.0 (/opt/ros/humble/share/ament_cmake_ros/cmake)
-- Using all available rosidl_typesupport_c: rosidl_typesupport_fastrtps_c;rosidl_typesupport_introspection_c
-- Using all available rosidl_typesupport_cpp: rosidl_typesupport_fastrtps_cpp;rosidl_typesupport_introspection_cpp
-- Found PythonInterp: /usr/bin/python3 (found suitable version "3.10.12", minimum required is "3.6") 
-- Found python_cmake_module: 0.10.0 (/opt/ros/humble/share/python_cmake_module/cmake)
-- Found PythonLibs: /usr/lib/x86_64-linux-gnu/libpython3.10.so (found suitable version "3.10.12", minimum required is "3.5") 
-- Using PYTHON_EXECUTABLE: /usr/bin/python3
-- Using PYTHON_INCLUDE_DIRS: /usr/include/python3.10
-- Using PYTHON_LIBRARIES: /usr/lib/x86_64-linux-gnu/libpython3.10.so
-- Found PythonExtra: .so  
-- Found ament_cmake_flake8: 0.12.12 (/opt/ros/humble/share/ament_cmake_flake8/cmake)
-- Found ament_cmake_pep257: 0.12.12 (/opt/ros/humble/share/ament_cmake_pep257/cmake)
-- Configuring done
-- Generating done
-- Build files have been written to: /root/robot_ws/build/gazebo_map_creator_interface
[  3%] [34m[1mGenerating C code for ROS interfaces[0m
[  6%] [34m[1mGenerating C++ code for ROS interfaces[0m
[  6%] Built target ament_cmake_python_symlink_gazebo_map_creator_interface
running egg_info
creating gazebo_map_creator_interface.egg-info
writing gazebo_map_creator_interface.egg-info/PKG-INFO
writing dependency_links to gazebo_map_creator_interface.egg-info/dependency_links.txt
writing top-level names to gazebo_map_creator_interface.egg-info/top_level.txt
writing manifest file 'gazebo_map_creator_interface.egg-info/SOURCES.txt'
reading manifest file 'gazebo_map_creator_interface.egg-info/SOURCES.txt'
writing manifest file 'gazebo_map_creator_interface.egg-info/SOURCES.txt'
[  6%] Built target ament_cmake_python_build_gazebo_map_creator_interface_egg
[  9%] [32mBuilding C object CMakeFiles/gazebo_map_creator_interface__rosidl_generator_c.dir/rosidl_generator_c/gazebo_map_creator_interface/srv/detail/map_request__functions.c.o[0m
[  9%] Built target gazebo_map_creator_interface__cpp
[ 19%] [34m[1mGenerating C++ type support for eProsima Fast-RTPS[0m
[ 19%] [34m[1mGenerating C++ type support dispatch for ROS interfaces[0m
[ 19%] [34m[1mGenerating C++ introspection for ROS interfaces[0m
[ 22%] [32m[1mLinking C shared library libgazebo_map_creator_interface__rosidl_generator_c.so[0m
[ 22%] Built target gazebo_map_creator_interface__rosidl_generator_c
[ 25%] [34m[1mGenerating C type support dispatch for ROS interfaces[0m
[ 29%] [34m[1mGenerating C type support for eProsima Fast-RTPS[0m
[ 32%] [34m[1mGenerating C introspection for ROS interfaces[0m
[ 35%] [32mBuilding CXX object CMakeFiles/gazebo_map_creator_interface__rosidl_typesupport_cpp.dir/rosidl_typesupport_cpp/gazebo_map_creator_interface/srv/map_request__type_support.cpp.o[0m
[ 38%] [32mBuilding CXX object CMakeFiles/gazebo_map_creator_interface__rosidl_typesupport_introspection_cpp.dir/rosidl_typesupport_introspection_cpp/gazebo_map_creator_interface/srv/detail/map_request__type_support.cpp.o[0m
[ 41%] [32mBuilding CXX object CMakeFiles/gazebo_map_creator_interface__rosidl_typesupport_fastrtps_cpp.dir/rosidl_typesupport_fastrtps_cpp/gazebo_map_creator_interface/srv/detail/dds_fastrtps/map_request__type_support.cpp.o[0m
[ 45%] [32mBuilding CXX object CMakeFiles/gazebo_map_creator_interface__rosidl_typesupport_c.dir/rosidl_typesupport_c/gazebo_map_creator_interface/srv/map_request__type_support.cpp.o[0m
[ 48%] [32mBuilding C object CMakeFiles/gazebo_map_creator_interface__rosidl_typesupport_introspection_c.dir/rosidl_typesupport_introspection_c/gazebo_map_creator_interface/srv/detail/map_request__type_support.c.o[0m
[ 51%] [32mBuilding CXX object CMakeFiles/gazebo_map_creator_interface__rosidl_typesupport_fastrtps_c.dir/rosidl_typesupport_fastrtps_c/gazebo_map_creator_interface/srv/detail/map_request__type_support_c.cpp.o[0m
[ 54%] [32m[1mLinking CXX shared library libgazebo_map_creator_interface__rosidl_typesupport_c.so[0m
[ 58%] [32m[1mLinking C shared library libgazebo_map_creator_interface__rosidl_typesupport_introspection_c.so[0m
[ 58%] Built target gazebo_map_creator_interface__rosidl_typesupport_c
[ 58%] Built target gazebo_map_creator_interface__rosidl_typesupport_introspection_c
[ 61%] [32m[1mLinking CXX shared library libgazebo_map_creator_interface__rosidl_typesupport_cpp.so[0m
[ 61%] Built target gazebo_map_creator_interface__rosidl_typesupport_cpp
[ 64%] [32m[1mLinking CXX shared library libgazebo_map_creator_interface__rosidl_typesupport_introspection_cpp.so[0m
[ 64%] Built target gazebo_map_creator_interface__rosidl_typesupport_introspection_cpp
[ 67%] [32m[1mLinking CXX shared library libgazebo_map_creator_interface__rosidl_typesupport_fastrtps_cpp.so[0m
[ 70%] [32m[1mLinking CXX shared library libgazebo_map_creator_interface__rosidl_typesupport_fastrtps_c.so[0m
[ 70%] Built target gazebo_map_creator_interface__rosidl_typesupport_fastrtps_cpp
[ 70%] Built target gazebo_map_creator_interface__rosidl_typesupport_fastrtps_c
[ 70%] Built target gazebo_map_creator_interface
[ 74%] [34m[1mGenerating Python code for ROS interfaces[0m
[ 74%] Built target gazebo_map_creator_interface__py
[ 77%] [32mBuilding C object CMakeFiles/gazebo_map_creator_interface__rosidl_generator_py.dir/rosidl_generator_py/gazebo_map_creator_interface/srv/_map_request_s.c.o[0m
[ 80%] [32m[1mLinking C shared library rosidl_generator_py/gazebo_map_creator_interface/libgazebo_map_creator_interface__rosidl_generator_py.so[0m
[ 80%] Built target gazebo_map_creator_interface__rosidl_generator_py
[ 87%] [32mBuilding C object CMakeFiles/gazebo_map_creator_interface__rosidl_typesupport_fastrtps_c__pyext.dir/rosidl_generator_py/gazebo_map_creator_interface/_gazebo_map_creator_interface_s.ep.rosidl_typesupport_fastrtps_c.c.o[0m
[ 87%] [32mBuilding C object CMakeFiles/gazebo_map_creator_interface__rosidl_typesupport_c__pyext.dir/rosidl_generator_py/gazebo_map_creator_interface/_gazebo_map_creator_interface_s.ep.rosidl_typesupport_c.c.o[0m
[ 90%] [32mBuilding C object CMakeFiles/gazebo_map_creator_interface__rosidl_typesupport_introspection_c__pyext.dir/rosidl_generator_py/gazebo_map_creator_interface/_gazebo_map_creator_interface_s.ep.rosidl_typesupport_introspection_c.c.o[0m
[ 93%] [32m[1mLinking C shared library rosidl_generator_py/gazebo_map_creator_interface/gazebo_map_creator_interface_s__rosidl_typesupport_introspection_c.cpython-310-x86_64-linux-gnu.so[0m
[ 96%] [32m[1mLinking C shared library rosidl_generator_py/gazebo_map_creator_interface/gazebo_map_creator_interface_s__rosidl_typesupport_c.cpython-310-x86_64-linux-gnu.so[0m
[100%] [32m[1mLinking C shared library rosidl_generator_py/gazebo_map_creator_interface/gazebo_map_creator_interface_s__rosidl_typesupport_fastrtps_c.cpython-310-x86_64-linux-gnu.so[0m
[100%] Built target gazebo_map_creator_interface__rosidl_typesupport_introspection_c__pyext
[100%] Built target gazebo_map_creator_interface__rosidl_typesupport_c__pyext
[100%] Built target gazebo_map_creator_interface__rosidl_typesupport_fastrtps_c__pyext
-- Install configuration: ""
-- Execute custom install script
-- Symlinking: /root/robot_ws/install/gazebo_map_creator_interface/share/ament_index/resource_index/rosidl_interfaces/gazebo_map_creator_interface
-- Symlinking: /root/robot_ws/install/gazebo_map_creator_interface/include/gazebo_map_creator_interface/gazebo_map_creator_interface/msg/rosidl_generator_c__visibility_control.h
-- Symlinking: /root/robot_ws/install/gazebo_map_creator_interface/include/gazebo_map_creator_interface/gazebo_map_creator_interface/srv/detail/map_request__functions.h
-- Symlinking: /root/robot_ws/install/gazebo_map_creator_interface/include/gazebo_map_creator_interface/gazebo_map_creator_interface/srv/detail/map_request__struct.h
-- Symlinking: /root/robot_ws/install/gazebo_map_creator_interface/include/gazebo_map_creator_interface/gazebo_map_creator_interface/srv/detail/map_request__type_support.h
-- Symlinking: /root/robot_ws/install/gazebo_map_creator_interface/include/gazebo_map_creator_interface/gazebo_map_creator_interface/srv/map_request.h
-- Symlinking: /root/robot_ws/install/gazebo_map_creator_interface/share/gazebo_map_creator_interface/environment/library_path.sh
-- Symlinking: /root/robot_ws/install/gazebo_map_creator_interface/share/gazebo_map_creator_interface/environment/library_path.dsv
-- Symlinking: /root/robot_ws/install/gazebo_map_creator_interface/include/gazebo_map_creator_interface/gazebo_map_creator_interface/msg/rosidl_typesupport_fastrtps_c__visibility_control.h
-- Symlinking: /root/robot_ws/install/gazebo_map_creator_interface/include/gazebo_map_creator_interface/gazebo_map_creator_interface/srv/detail/map_request__rosidl_typesupport_fastrtps_c.h
-- Symlinking: /root/robot_ws/install/gazebo_map_creator_interface/include/gazebo_map_creator_interface/gazebo_map_creator_interface/msg/rosidl_generator_cpp__visibility_control.hpp
-- Symlinking: /root/robot_ws/install/gazebo_map_creator_interface/include/gazebo_map_creator_interface/gazebo_map_creator_interface/srv/detail/map_request__builder.hpp
-- Symlinking: /root/robot_ws/install/gazebo_map_creator_interface/include/gazebo_map_creator_interface/gazebo_map_creator_interface/srv/detail/map_request__struct.hpp
-- Symlinking: /root/robot_ws/install/gazebo_map_creator_interface/include/gazebo_map_creator_interface/gazebo_map_creator_interface/srv/detail/map_request__traits.hpp
-- Symlinking: /root/robot_ws/install/gazebo_map_creator_interface/include/gazebo_map_creator_interface/gazebo_map_creator_interface/srv/detail/map_request__type_support.hpp
-- Symlinking: /root/robot_ws/install/gazebo_map_creator_interface/include/gazebo_map_creator_interface/gazebo_map_creator_interface/srv/map_request.hpp
-- Symlinking: /root/robot_ws/install/gazebo_map_creator_interface/include/gazebo_map_creator_interface/gazebo_map_creator_interface/msg/rosidl_typesupport_fastrtps_cpp__visibility_control.h
-- Symlinking: /root/robot_ws/install/gazebo_map_creator_interface/include/gazebo_map_creator_interface/gazebo_map_creator_interface/srv/detail/map_request__rosidl_typesupport_fastrtps_cpp.hpp
-- Symlinking: /root/robot_ws/install/gazebo_map_creator_interface/include/gazebo_map_creator_interface/gazebo_map_creator_interface/msg/rosidl_typesupport_introspection_c__visibility_control.h
-- Symlinking: /root/robot_ws/install/gazebo_map_creator_interface/include/gazebo_map_creator_interface/gazebo_map_creator_interface/srv/detail/map_request__rosidl_typesupport_introspection_c.h
-- Symlinking: /root/robot_ws/install/gazebo_map_creator_interface/include/gazebo_map_creator_interface/gazebo_map_creator_interface/srv/detail/map_request__rosidl_typesupport_introspection_cpp.hpp
-- Symlinking: /root/robot_ws/install/gazebo_map_creator_interface/share/gazebo_map_creator_interface/environment/pythonpath.sh
-- Symlinking: /root/robot_ws/install/gazebo_map_creator_interface/share/gazebo_map_creator_interface/environment/pythonpath.dsv
-- Symlinking: /root/robot_ws/install/gazebo_map_creator_interface/local/lib/python3.10/dist-packages/gazebo_map_creator_interface-3.5.3-py3.10.egg-info/PKG-INFO
-- Symlinking: /root/robot_ws/install/gazebo_map_creator_interface/local/lib/python3.10/dist-packages/gazebo_map_creator_interface-3.5.3-py3.10.egg-info/SOURCES.txt
-- Symlinking: /root/robot_ws/install/gazebo_map_creator_interface/local/lib/python3.10/dist-packages/gazebo_map_creator_interface-3.5.3-py3.10.egg-info/dependency_links.txt
-- Symlinking: /root/robot_ws/install/gazebo_map_creator_interface/local/lib/python3.10/dist-packages/gazebo_map_creator_interface-3.5.3-py3.10.egg-info/top_level.txt
-- Symlinking: /root/robot_ws/install/gazebo_map_creator_interface/local/lib/python3.10/dist-packages/gazebo_map_creator_interface/__init__.py
-- Symlinking: /root/robot_ws/install/gazebo_map_creator_interface/local/lib/python3.10/dist-packages/gazebo_map_creator_interface/_gazebo_map_creator_interface_s.ep.rosidl_typesupport_c.c
-- Symlinking: /root/robot_ws/install/gazebo_map_creator_interface/local/lib/python3.10/dist-packages/gazebo_map_creator_interface/_gazebo_map_creator_interface_s.ep.rosidl_typesupport_fastrtps_c.c
-- Symlinking: /root/robot_ws/install/gazebo_map_creator_interface/local/lib/python3.10/dist-packages/gazebo_map_creator_interface/_gazebo_map_creator_interface_s.ep.rosidl_typesupport_introspection_c.c
-- Symlinking: /root/robot_ws/install/gazebo_map_creator_interface/local/lib/python3.10/dist-packages/gazebo_map_creator_interface/gazebo_map_creator_interface_s__rosidl_typesupport_c.cpython-310-x86_64-linux-gnu.so
-- Symlinking: /root/robot_ws/install/gazebo_map_creator_interface/local/lib/python3.10/dist-packages/gazebo_map_creator_interface/gazebo_map_creator_interface_s__rosidl_typesupport_fastrtps_c.cpython-310-x86_64-linux-gnu.so
-- Symlinking: /root/robot_ws/install/gazebo_map_creator_interface/local/lib/python3.10/dist-packages/gazebo_map_creator_interface/gazebo_map_creator_interface_s__rosidl_typesupport_introspection_c.cpython-310-x86_64-linux-gnu.so
-- Symlinking: /root/robot_ws/install/gazebo_map_creator_interface/local/lib/python3.10/dist-packages/gazebo_map_creator_interface/libgazebo_map_creator_interface__rosidl_generator_py.so
-- Symlinking: /root/robot_ws/install/gazebo_map_creator_interface/local/lib/python3.10/dist-packages/gazebo_map_creator_interface/srv/__init__.py
-- Symlinking: /root/robot_ws/install/gazebo_map_creator_interface/local/lib/python3.10/dist-packages/gazebo_map_creator_interface/srv/_map_request.py
-- Symlinking: /root/robot_ws/install/gazebo_map_creator_interface/local/lib/python3.10/dist-packages/gazebo_map_creator_interface/srv/_map_request_s.c
-- Up-to-date symlink: /root/robot_ws/install/gazebo_map_creator_interface/local/lib/python3.10/dist-packages/gazebo_map_creator_interface/gazebo_map_creator_interface_s__rosidl_typesupport_fastrtps_c.cpython-310-x86_64-linux-gnu.so
-- Up-to-date symlink: /root/robot_ws/install/gazebo_map_creator_interface/local/lib/python3.10/dist-packages/gazebo_map_creator_interface/gazebo_map_creator_interface_s__rosidl_typesupport_introspection_c.cpython-310-x86_64-linux-gnu.so
-- Up-to-date symlink: /root/robot_ws/install/gazebo_map_creator_interface/local/lib/python3.10/dist-packages/gazebo_map_creator_interface/gazebo_map_creator_interface_s__rosidl_typesupport_c.cpython-310-x86_64-linux-gnu.so
-- Symlinking: /root/robot_ws/install/gazebo_map_creator_interface/share/gazebo_map_creator_interface/srv/MapRequest.idl
-- Symlinking: /root/robot_ws/install/gazebo_map_creator_interface/share/gazebo_map_creator_interface/srv/MapRequest.srv
-- Symlinking: /root/robot_ws/install/gazebo_map_creator_interface/share/gazebo_map_creator_interface/srv/MapRequest_Request.msg
-- Symlinking: /root/robot_ws/install/gazebo_map_creator_interface/share/gazebo_map_creator_interface/srv/MapRequest_Response.msg
-- Symlinking: /root/robot_ws/install/gazebo_map_creator_interface/share/ament_index/resource_index/package_run_dependencies/gazebo_map_creator_interface
-- Symlinking: /root/robot_ws/install/gazebo_map_creator_interface/share/ament_index/resource_index/parent_prefix_path/gazebo_map_creator_interface
-- Symlinking: /root/robot_ws/install/gazebo_map_creator_interface/share/gazebo_map_creator_interface/environment/ament_prefix_path.sh
-- Symlinking: /root/robot_ws/install/gazebo_map_creator_interface/share/gazebo_map_creator_interface/environment/ament_prefix_path.dsv
-- Symlinking: /root/robot_ws/install/gazebo_map_creator_interface/share/gazebo_map_creator_interface/environment/path.sh
-- Symlinking: /root/robot_ws/install/gazebo_map_creator_interface/share/gazebo_map_creator_interface/environment/path.dsv
-- Symlinking: /root/robot_ws/install/gazebo_map_creator_interface/share/gazebo_map_creator_interface/local_setup.bash
-- Symlinking: /root/robot_ws/install/gazebo_map_creator_interface/share/gazebo_map_creator_interface/local_setup.sh
-- Symlinking: /root/robot_ws/install/gazebo_map_creator_interface/share/gazebo_map_creator_interface/local_setup.zsh
-- Symlinking: /root/robot_ws/install/gazebo_map_creator_interface/share/gazebo_map_creator_interface/local_setup.dsv
-- Symlinking: /root/robot_ws/install/gazebo_map_creator_interface/share/gazebo_map_creator_interface/package.dsv
-- Symlinking: /root/robot_ws/install/gazebo_map_creator_interface/share/ament_index/resource_index/packages/gazebo_map_creator_interface
-- Symlinking: /root/robot_ws/install/gazebo_map_creator_interface/share/gazebo_map_creator_interface/cmake/rosidl_cmake-extras.cmake
-- Symlinking: /root/robot_ws/install/gazebo_map_creator_interface/share/gazebo_map_creator_interface/cmake/ament_cmake_export_dependencies-extras.cmake
-- Symlinking: /root/robot_ws/install/gazebo_map_creator_interface/share/gazebo_map_creator_interface/cmake/ament_cmake_export_include_directories-extras.cmake
-- Symlinking: /root/robot_ws/install/gazebo_map_creator_interface/share/gazebo_map_creator_interface/cmake/ament_cmake_export_libraries-extras.cmake
-- Symlinking: /root/robot_ws/install/gazebo_map_creator_interface/share/gazebo_map_creator_interface/cmake/ament_cmake_export_targets-extras.cmake
-- Symlinking: /root/robot_ws/install/gazebo_map_creator_interface/share/gazebo_map_creator_interface/cmake/rosidl_cmake_export_typesupport_targets-extras.cmake
-- Symlinking: /root/robot_ws/install/gazebo_map_creator_interface/share/gazebo_map_creator_interface/cmake/rosidl_cmake_export_typesupport_libraries-extras.cmake
-- Symlinking: /root/robot_ws/install/gazebo_map_creator_interface/share/gazebo_map_creator_interface/cmake/gazebo_map_creator_interfaceConfig.cmake
-- Symlinking: /root/robot_ws/install/gazebo_map_creator_interface/share/gazebo_map_creator_interface/cmake/gazebo_map_creator_interfaceConfig-version.cmake
-- Symlinking: /root/robot_ws/install/gazebo_map_creator_interface/share/gazebo_map_creator_interface/package.xml
-- Installing: /root/robot_ws/install/gazebo_map_creator_interface/lib/libgazebo_map_creator_interface__rosidl_generator_c.so
-- Set runtime path of "/root/robot_ws/install/gazebo_map_creator_interface/lib/libgazebo_map_creator_interface__rosidl_generator_c.so" to ""
-- Installing: /root/robot_ws/install/gazebo_map_creator_interface/lib/libgazebo_map_creator_interface__rosidl_typesupport_fastrtps_c.so
-- Set runtime path of "/root/robot_ws/install/gazebo_map_creator_interface/lib/libgazebo_map_creator_interface__rosidl_typesupport_fastrtps_c.so" to ""
-- Installing: /root/robot_ws/install/gazebo_map_creator_interface/lib/libgazebo_map_creator_interface__rosidl_typesupport_fastrtps_cpp.so
-- Set runtime path of "/root/robot_ws/install/gazebo_map_creator_interface/lib/libgazebo_map_creator_interface__rosidl_typesupport_fastrtps_cpp.so" to ""
-- Installing: /root/robot_ws/install/gazebo_map_creator_interface/lib/libgazebo_map_creator_interface__rosidl_typesupport_introspection_c.so
-- Set runtime path of "/root/robot_ws/install/gazebo_map_creator_interface/lib/libgazebo_map_creator_interface__rosidl_typesupport_introspection_c.so" to ""
-- Installing: /root/robot_ws/install/gazebo_map_creator_interface/lib/libgazebo_map_creator_interface__rosidl_typesupport_c.so
-- Set runtime path of "/root/robot_ws/install/gazebo_map_creator_interface/lib/libgazebo_map_creator_interface__rosidl_typesupport_c.so" to ""
-- Installing: /root/robot_ws/install/gazebo_map_creator_interface/lib/libgazebo_map_creator_interface__rosidl_typesupport_introspection_cpp.so
-- Set runtime path of "/root/robot_ws/install/gazebo_map_creator_interface/lib/libgazebo_map_creator_interface__rosidl_typesupport_introspection_cpp.so" to ""
-- Installing: /root/robot_ws/install/gazebo_map_creator_interface/lib/libgazebo_map_creator_interface__rosidl_typesupport_cpp.so
-- Set runtime path of "/root/robot_ws/install/gazebo_map_creator_interface/lib/libgazebo_map_creator_interface__rosidl_typesupport_cpp.so" to ""
Listing '/root/robot_ws/install/gazebo_map_creator_interface/local/lib/python3.10/dist-packages/gazebo_map_creator_interface'...
Compiling '/root/robot_ws/install/gazebo_map_creator_interface/local/lib/python3.10/dist-packages/gazebo_map_creator_interface/__init__.py'...
Listing '/root/robot_ws/install/gazebo_map_creator_interface/local/lib/python3.10/dist-packages/gazebo_map_creator_interface/srv'...
Compiling '/root/robot_ws/install/gazebo_map_creator_interface/local/lib/python3.10/dist-packages/gazebo_map_creator_interface/srv/__init__.py'...
Compiling '/root/robot_ws/install/gazebo_map_creator_interface/local/lib/python3.10/dist-packages/gazebo_map_creator_interface/srv/_map_request.py'...
-- Installing: /root/robot_ws/install/gazebo_map_creator_interface/lib/libgazebo_map_creator_interface__rosidl_generator_py.so
-- Set runtime path of "/root/robot_ws/install/gazebo_map_creator_interface/lib/libgazebo_map_creator_interface__rosidl_generator_py.so" to ""
-- Installing: /root/robot_ws/install/gazebo_map_creator_interface/share/gazebo_map_creator_interface/cmake/export_gazebo_map_creator_interface__rosidl_generator_cExport.cmake
-- Installing: /root/robot_ws/install/gazebo_map_creator_interface/share/gazebo_map_creator_interface/cmake/export_gazebo_map_creator_interface__rosidl_generator_cExport-noconfig.cmake
-- Installing: /root/robot_ws/install/gazebo_map_creator_interface/share/gazebo_map_creator_interface/cmake/export_gazebo_map_creator_interface__rosidl_typesupport_fastrtps_cExport.cmake
-- Installing: /root/robot_ws/install/gazebo_map_creator_interface/share/gazebo_map_creator_interface/cmake/export_gazebo_map_creator_interface__rosidl_typesupport_fastrtps_cExport-noconfig.cmake
-- Installing: /root/robot_ws/install/gazebo_map_creator_interface/share/gazebo_map_creator_interface/cmake/export_gazebo_map_creator_interface__rosidl_generator_cppExport.cmake
-- Installing: /root/robot_ws/install/gazebo_map_creator_interface/share/gazebo_map_creator_interface/cmake/export_gazebo_map_creator_interface__rosidl_typesupport_fastrtps_cppExport.cmake
-- Installing: /root/robot_ws/install/gazebo_map_creator_interface/share/gazebo_map_creator_interface/cmake/export_gazebo_map_creator_interface__rosidl_typesupport_fastrtps_cppExport-noconfig.cmake
-- Installing: /root/robot_ws/install/gazebo_map_creator_interface/share/gazebo_map_creator_interface/cmake/gazebo_map_creator_interface__rosidl_typesupport_introspection_cExport.cmake
-- Installing: /root/robot_ws/install/gazebo_map_creator_interface/share/gazebo_map_creator_interface/cmake/gazebo_map_creator_interface__rosidl_typesupport_introspection_cExport-noconfig.cmake
-- Installing: /root/robot_ws/install/gazebo_map_creator_interface/share/gazebo_map_creator_interface/cmake/gazebo_map_creator_interface__rosidl_typesupport_cExport.cmake
-- Installing: /root/robot_ws/install/gazebo_map_creator_interface/share/gazebo_map_creator_interface/cmake/gazebo_map_creator_interface__rosidl_typesupport_cExport-noconfig.cmake
-- Installing: /root/robot_ws/install/gazebo_map_creator_interface/share/gazebo_map_creator_interface/cmake/gazebo_map_creator_interface__rosidl_typesupport_introspection_cppExport.cmake
-- Installing: /root/robot_ws/install/gazebo_map_creator_interface/share/gazebo_map_creator_interface/cmake/gazebo_map_creator_interface__rosidl_typesupport_introspection_cppExport-noconfig.cmake
-- Installing: /root/robot_ws/install/gazebo_map_creator_interface/share/gazebo_map_creator_interface/cmake/gazebo_map_creator_interface__rosidl_typesupport_cppExport.cmake
-- Installing: /root/robot_ws/install/gazebo_map_creator_interface/share/gazebo_map_creator_interface/cmake/gazebo_map_creator_interface__rosidl_typesupport_cppExport-noconfig.cmake
-- Installing: /root/robot_ws/install/gazebo_map_creator_interface/share/gazebo_map_creator_interface/cmake/export_gazebo_map_creator_interface__rosidl_generator_pyExport.cmake
-- Installing: /root/robot_ws/install/gazebo_map_creator_interface/share/gazebo_map_creator_interface/cmake/export_gazebo_map_creator_interface__rosidl_generator_pyExport-noconfig.cmake
