[0.008s] Invoking command in '/root/robot_ws/build/gazebo_map_creator_interface': CMAKE_PREFIX_PATH=/opt/ros/humble /usr/bin/cmake /root/robot_ws/src/gazebo_map_creator/gazebo_map_creator_interface -DAMENT_CMAKE_SYMLINK_INSTALL=1 -DCMAKE_INSTALL_PREFIX=/root/robot_ws/install/gazebo_map_creator_interface
[0.058s] -- The C compiler identification is GNU 11.4.0
[0.113s] -- The CXX compiler identification is GNU 11.4.0
[0.119s] -- Detecting C compiler ABI info
[0.185s] -- Detecting C compiler ABI info - done
[0.192s] -- Check for working C compiler: /usr/bin/cc - skipped
[0.192s] -- Detecting C compile features
[0.192s] -- Detecting C compile features - done
[0.194s] -- Detecting CXX compiler ABI info
[0.264s] -- Detecting CXX compiler ABI info - done
[0.274s] -- Check for working CXX compiler: /usr/bin/c++ - skipped
[0.275s] -- Detecting CXX compile features
[0.275s] -- Detecting CXX compile features - done
[0.278s] -- Found ament_cmake: 1.3.11 (/opt/ros/humble/share/ament_cmake/cmake)
[0.417s] -- Found Python3: /usr/bin/python3 (found version "3.10.12") found components: Interpreter 
[0.466s] -- Override CMake install command with custom implementation using symlinks instead of copying resources
[0.496s] -- Found builtin_interfaces: 1.2.1 (/opt/ros/humble/share/builtin_interfaces/cmake)
[0.525s] -- Found rosidl_generator_c: 3.1.6 (/opt/ros/humble/share/rosidl_generator_c/cmake)
[0.530s] -- Found rosidl_adapter: 3.1.6 (/opt/ros/humble/share/rosidl_adapter/cmake)
[0.538s] -- Found rosidl_generator_cpp: 3.1.6 (/opt/ros/humble/share/rosidl_generator_cpp/cmake)
[0.548s] -- Using all available rosidl_typesupport_c: rosidl_typesupport_fastrtps_c;rosidl_typesupport_introspection_c
[0.561s] -- Using all available rosidl_typesupport_cpp: rosidl_typesupport_fastrtps_cpp;rosidl_typesupport_introspection_cpp
[0.574s] -- Found geometry_msgs: 4.8.0 (/opt/ros/humble/share/geometry_msgs/cmake)
[0.594s] -- Found rosidl_default_generators: 1.2.0 (/opt/ros/humble/share/rosidl_default_generators/cmake)
[0.820s] -- Found ament_cmake_cppcheck: 0.12.12 (/opt/ros/humble/share/ament_cmake_cppcheck/cmake)
[0.822s] -- Found ament_cmake_cpplint: 0.12.12 (/opt/ros/humble/share/ament_cmake_cpplint/cmake)
[0.824s] -- Found ament_cmake_uncrustify: 0.12.12 (/opt/ros/humble/share/ament_cmake_uncrustify/cmake)
[0.827s] -- Found ament_cmake_ros: 0.10.0 (/opt/ros/humble/share/ament_cmake_ros/cmake)
[1.179s] -- Using all available rosidl_typesupport_c: rosidl_typesupport_fastrtps_c;rosidl_typesupport_introspection_c
[1.309s] -- Using all available rosidl_typesupport_cpp: rosidl_typesupport_fastrtps_cpp;rosidl_typesupport_introspection_cpp
[1.328s] -- Found PythonInterp: /usr/bin/python3 (found suitable version "3.10.12", minimum required is "3.6") 
[1.330s] -- Found python_cmake_module: 0.10.0 (/opt/ros/humble/share/python_cmake_module/cmake)
[1.354s] -- Found PythonLibs: /usr/lib/x86_64-linux-gnu/libpython3.10.so (found suitable version "3.10.12", minimum required is "3.5") 
[1.355s] -- Using PYTHON_EXECUTABLE: /usr/bin/python3
[1.355s] -- Using PYTHON_INCLUDE_DIRS: /usr/include/python3.10
[1.355s] -- Using PYTHON_LIBRARIES: /usr/lib/x86_64-linux-gnu/libpython3.10.so
[1.372s] -- Found PythonExtra: .so  
[1.433s] -- Found ament_cmake_flake8: 0.12.12 (/opt/ros/humble/share/ament_cmake_flake8/cmake)
[1.435s] -- Found ament_cmake_pep257: 0.12.12 (/opt/ros/humble/share/ament_cmake_pep257/cmake)
[1.445s] -- Configuring done
[1.474s] -- Generating done
[1.482s] -- Build files have been written to: /root/robot_ws/build/gazebo_map_creator_interface
[1.488s] Invoked command in '/root/robot_ws/build/gazebo_map_creator_interface' returned '0': CMAKE_PREFIX_PATH=/opt/ros/humble /usr/bin/cmake /root/robot_ws/src/gazebo_map_creator/gazebo_map_creator_interface -DAMENT_CMAKE_SYMLINK_INSTALL=1 -DCMAKE_INSTALL_PREFIX=/root/robot_ws/install/gazebo_map_creator_interface
[1.489s] Invoking command in '/root/robot_ws/build/gazebo_map_creator_interface': CMAKE_PREFIX_PATH=/opt/ros/humble /usr/bin/cmake --build /root/robot_ws/build/gazebo_map_creator_interface -- -j16 -l16
[1.526s] [  3%] [34m[1mGenerating C code for ROS interfaces[0m
[1.535s] [  6%] [34m[1mGenerating C++ code for ROS interfaces[0m
[1.541s] [  6%] Built target ament_cmake_python_symlink_gazebo_map_creator_interface
[1.696s] running egg_info
[1.696s] creating gazebo_map_creator_interface.egg-info
[1.696s] writing gazebo_map_creator_interface.egg-info/PKG-INFO
[1.697s] writing dependency_links to gazebo_map_creator_interface.egg-info/dependency_links.txt
[1.697s] writing top-level names to gazebo_map_creator_interface.egg-info/top_level.txt
[1.697s] writing manifest file 'gazebo_map_creator_interface.egg-info/SOURCES.txt'
[1.698s] reading manifest file 'gazebo_map_creator_interface.egg-info/SOURCES.txt'
[1.698s] writing manifest file 'gazebo_map_creator_interface.egg-info/SOURCES.txt'
[1.715s] [  6%] Built target ament_cmake_python_build_gazebo_map_creator_interface_egg
[1.774s] [  9%] [32mBuilding C object CMakeFiles/gazebo_map_creator_interface__rosidl_generator_c.dir/rosidl_generator_c/gazebo_map_creator_interface/srv/detail/map_request__functions.c.o[0m
[1.783s] [  9%] Built target gazebo_map_creator_interface__cpp
[1.791s] [ 19%] [34m[1mGenerating C++ type support for eProsima Fast-RTPS[0m
[1.791s] [ 19%] [34m[1mGenerating C++ type support dispatch for ROS interfaces[0m
[1.791s] [ 19%] [34m[1mGenerating C++ introspection for ROS interfaces[0m
[1.824s] [ 22%] [32m[1mLinking C shared library libgazebo_map_creator_interface__rosidl_generator_c.so[0m
[1.854s] [ 22%] Built target gazebo_map_creator_interface__rosidl_generator_c
[1.862s] [ 25%] [34m[1mGenerating C type support dispatch for ROS interfaces[0m
[1.863s] [ 29%] [34m[1mGenerating C type support for eProsima Fast-RTPS[0m
[1.863s] [ 32%] [34m[1mGenerating C introspection for ROS interfaces[0m
[2.005s] [ 35%] [32mBuilding CXX object CMakeFiles/gazebo_map_creator_interface__rosidl_typesupport_cpp.dir/rosidl_typesupport_cpp/gazebo_map_creator_interface/srv/map_request__type_support.cpp.o[0m
[2.024s] [ 38%] [32mBuilding CXX object CMakeFiles/gazebo_map_creator_interface__rosidl_typesupport_introspection_cpp.dir/rosidl_typesupport_introspection_cpp/gazebo_map_creator_interface/srv/detail/map_request__type_support.cpp.o[0m
[2.026s] [ 41%] [32mBuilding CXX object CMakeFiles/gazebo_map_creator_interface__rosidl_typesupport_fastrtps_cpp.dir/rosidl_typesupport_fastrtps_cpp/gazebo_map_creator_interface/srv/detail/dds_fastrtps/map_request__type_support.cpp.o[0m
[2.086s] [ 45%] [32mBuilding CXX object CMakeFiles/gazebo_map_creator_interface__rosidl_typesupport_c.dir/rosidl_typesupport_c/gazebo_map_creator_interface/srv/map_request__type_support.cpp.o[0m
[2.093s] [ 48%] [32mBuilding C object CMakeFiles/gazebo_map_creator_interface__rosidl_typesupport_introspection_c.dir/rosidl_typesupport_introspection_c/gazebo_map_creator_interface/srv/detail/map_request__type_support.c.o[0m
[2.100s] [ 51%] [32mBuilding CXX object CMakeFiles/gazebo_map_creator_interface__rosidl_typesupport_fastrtps_c.dir/rosidl_typesupport_fastrtps_c/gazebo_map_creator_interface/srv/detail/map_request__type_support_c.cpp.o[0m
[2.114s] [ 54%] [32m[1mLinking CXX shared library libgazebo_map_creator_interface__rosidl_typesupport_c.so[0m
[2.132s] [ 58%] [32m[1mLinking C shared library libgazebo_map_creator_interface__rosidl_typesupport_introspection_c.so[0m
[2.153s] [ 58%] Built target gazebo_map_creator_interface__rosidl_typesupport_c
[2.159s] [ 58%] Built target gazebo_map_creator_interface__rosidl_typesupport_introspection_c
[2.202s] [ 61%] [32m[1mLinking CXX shared library libgazebo_map_creator_interface__rosidl_typesupport_cpp.so[0m
[2.238s] [ 61%] Built target gazebo_map_creator_interface__rosidl_typesupport_cpp
[2.299s] [ 64%] [32m[1mLinking CXX shared library libgazebo_map_creator_interface__rosidl_typesupport_introspection_cpp.so[0m
[2.352s] [ 64%] Built target gazebo_map_creator_interface__rosidl_typesupport_introspection_cpp
[2.362s] [ 67%] [32m[1mLinking CXX shared library libgazebo_map_creator_interface__rosidl_typesupport_fastrtps_cpp.so[0m
[2.404s] [ 70%] [32m[1mLinking CXX shared library libgazebo_map_creator_interface__rosidl_typesupport_fastrtps_c.so[0m
[2.414s] [ 70%] Built target gazebo_map_creator_interface__rosidl_typesupport_fastrtps_cpp
[2.463s] [ 70%] Built target gazebo_map_creator_interface__rosidl_typesupport_fastrtps_c
[2.483s] [ 70%] Built target gazebo_map_creator_interface
[2.507s] [ 74%] [34m[1mGenerating Python code for ROS interfaces[0m
[2.859s] [ 74%] Built target gazebo_map_creator_interface__py
[2.877s] [ 77%] [32mBuilding C object CMakeFiles/gazebo_map_creator_interface__rosidl_generator_py.dir/rosidl_generator_py/gazebo_map_creator_interface/srv/_map_request_s.c.o[0m
[2.970s] [ 80%] [32m[1mLinking C shared library rosidl_generator_py/gazebo_map_creator_interface/libgazebo_map_creator_interface__rosidl_generator_py.so[0m
[3.000s] [ 80%] Built target gazebo_map_creator_interface__rosidl_generator_py
[3.020s] [ 87%] [32mBuilding C object CMakeFiles/gazebo_map_creator_interface__rosidl_typesupport_fastrtps_c__pyext.dir/rosidl_generator_py/gazebo_map_creator_interface/_gazebo_map_creator_interface_s.ep.rosidl_typesupport_fastrtps_c.c.o[0m
[3.020s] [ 87%] [32mBuilding C object CMakeFiles/gazebo_map_creator_interface__rosidl_typesupport_c__pyext.dir/rosidl_generator_py/gazebo_map_creator_interface/_gazebo_map_creator_interface_s.ep.rosidl_typesupport_c.c.o[0m
[3.021s] [ 90%] [32mBuilding C object CMakeFiles/gazebo_map_creator_interface__rosidl_typesupport_introspection_c__pyext.dir/rosidl_generator_py/gazebo_map_creator_interface/_gazebo_map_creator_interface_s.ep.rosidl_typesupport_introspection_c.c.o[0m
[3.095s] [ 93%] [32m[1mLinking C shared library rosidl_generator_py/gazebo_map_creator_interface/gazebo_map_creator_interface_s__rosidl_typesupport_introspection_c.cpython-310-x86_64-linux-gnu.so[0m
[3.096s] [ 96%] [32m[1mLinking C shared library rosidl_generator_py/gazebo_map_creator_interface/gazebo_map_creator_interface_s__rosidl_typesupport_c.cpython-310-x86_64-linux-gnu.so[0m
[3.096s] [100%] [32m[1mLinking C shared library rosidl_generator_py/gazebo_map_creator_interface/gazebo_map_creator_interface_s__rosidl_typesupport_fastrtps_c.cpython-310-x86_64-linux-gnu.so[0m
[3.132s] [100%] Built target gazebo_map_creator_interface__rosidl_typesupport_introspection_c__pyext
[3.132s] [100%] Built target gazebo_map_creator_interface__rosidl_typesupport_c__pyext
[3.134s] [100%] Built target gazebo_map_creator_interface__rosidl_typesupport_fastrtps_c__pyext
[3.147s] Invoked command in '/root/robot_ws/build/gazebo_map_creator_interface' returned '0': CMAKE_PREFIX_PATH=/opt/ros/humble /usr/bin/cmake --build /root/robot_ws/build/gazebo_map_creator_interface -- -j16 -l16
[3.157s] Invoking command in '/root/robot_ws/build/gazebo_map_creator_interface': CMAKE_PREFIX_PATH=/opt/ros/humble /usr/bin/cmake --install /root/robot_ws/build/gazebo_map_creator_interface
[3.164s] -- Install configuration: ""
[3.164s] -- Execute custom install script
[3.165s] -- Symlinking: /root/robot_ws/install/gazebo_map_creator_interface/share/ament_index/resource_index/rosidl_interfaces/gazebo_map_creator_interface
[3.173s] -- Symlinking: /root/robot_ws/install/gazebo_map_creator_interface/include/gazebo_map_creator_interface/gazebo_map_creator_interface/msg/rosidl_generator_c__visibility_control.h
[3.183s] -- Symlinking: /root/robot_ws/install/gazebo_map_creator_interface/include/gazebo_map_creator_interface/gazebo_map_creator_interface/srv/detail/map_request__functions.h
[3.191s] -- Symlinking: /root/robot_ws/install/gazebo_map_creator_interface/include/gazebo_map_creator_interface/gazebo_map_creator_interface/srv/detail/map_request__struct.h
[3.201s] -- Symlinking: /root/robot_ws/install/gazebo_map_creator_interface/include/gazebo_map_creator_interface/gazebo_map_creator_interface/srv/detail/map_request__type_support.h
[3.208s] -- Symlinking: /root/robot_ws/install/gazebo_map_creator_interface/include/gazebo_map_creator_interface/gazebo_map_creator_interface/srv/map_request.h
[3.220s] -- Symlinking: /root/robot_ws/install/gazebo_map_creator_interface/share/gazebo_map_creator_interface/environment/library_path.sh
[3.225s] -- Symlinking: /root/robot_ws/install/gazebo_map_creator_interface/share/gazebo_map_creator_interface/environment/library_path.dsv
[3.232s] -- Symlinking: /root/robot_ws/install/gazebo_map_creator_interface/include/gazebo_map_creator_interface/gazebo_map_creator_interface/msg/rosidl_typesupport_fastrtps_c__visibility_control.h
[3.237s] -- Symlinking: /root/robot_ws/install/gazebo_map_creator_interface/include/gazebo_map_creator_interface/gazebo_map_creator_interface/srv/detail/map_request__rosidl_typesupport_fastrtps_c.h
[3.245s] -- Symlinking: /root/robot_ws/install/gazebo_map_creator_interface/include/gazebo_map_creator_interface/gazebo_map_creator_interface/msg/rosidl_generator_cpp__visibility_control.hpp
[3.251s] -- Symlinking: /root/robot_ws/install/gazebo_map_creator_interface/include/gazebo_map_creator_interface/gazebo_map_creator_interface/srv/detail/map_request__builder.hpp
[3.259s] -- Symlinking: /root/robot_ws/install/gazebo_map_creator_interface/include/gazebo_map_creator_interface/gazebo_map_creator_interface/srv/detail/map_request__struct.hpp
[3.267s] -- Symlinking: /root/robot_ws/install/gazebo_map_creator_interface/include/gazebo_map_creator_interface/gazebo_map_creator_interface/srv/detail/map_request__traits.hpp
[3.274s] -- Symlinking: /root/robot_ws/install/gazebo_map_creator_interface/include/gazebo_map_creator_interface/gazebo_map_creator_interface/srv/detail/map_request__type_support.hpp
[3.281s] -- Symlinking: /root/robot_ws/install/gazebo_map_creator_interface/include/gazebo_map_creator_interface/gazebo_map_creator_interface/srv/map_request.hpp
[3.290s] -- Symlinking: /root/robot_ws/install/gazebo_map_creator_interface/include/gazebo_map_creator_interface/gazebo_map_creator_interface/msg/rosidl_typesupport_fastrtps_cpp__visibility_control.h
[3.295s] -- Symlinking: /root/robot_ws/install/gazebo_map_creator_interface/include/gazebo_map_creator_interface/gazebo_map_creator_interface/srv/detail/map_request__rosidl_typesupport_fastrtps_cpp.hpp
[3.304s] -- Symlinking: /root/robot_ws/install/gazebo_map_creator_interface/include/gazebo_map_creator_interface/gazebo_map_creator_interface/msg/rosidl_typesupport_introspection_c__visibility_control.h
[3.312s] -- Symlinking: /root/robot_ws/install/gazebo_map_creator_interface/include/gazebo_map_creator_interface/gazebo_map_creator_interface/srv/detail/map_request__rosidl_typesupport_introspection_c.h
[3.323s] -- Symlinking: /root/robot_ws/install/gazebo_map_creator_interface/include/gazebo_map_creator_interface/gazebo_map_creator_interface/srv/detail/map_request__rosidl_typesupport_introspection_cpp.hpp
[3.329s] -- Symlinking: /root/robot_ws/install/gazebo_map_creator_interface/share/gazebo_map_creator_interface/environment/pythonpath.sh
[3.335s] -- Symlinking: /root/robot_ws/install/gazebo_map_creator_interface/share/gazebo_map_creator_interface/environment/pythonpath.dsv
[3.342s] -- Symlinking: /root/robot_ws/install/gazebo_map_creator_interface/local/lib/python3.10/dist-packages/gazebo_map_creator_interface-3.5.3-py3.10.egg-info/PKG-INFO
[3.347s] -- Symlinking: /root/robot_ws/install/gazebo_map_creator_interface/local/lib/python3.10/dist-packages/gazebo_map_creator_interface-3.5.3-py3.10.egg-info/SOURCES.txt
[3.355s] -- Symlinking: /root/robot_ws/install/gazebo_map_creator_interface/local/lib/python3.10/dist-packages/gazebo_map_creator_interface-3.5.3-py3.10.egg-info/dependency_links.txt
[3.361s] -- Symlinking: /root/robot_ws/install/gazebo_map_creator_interface/local/lib/python3.10/dist-packages/gazebo_map_creator_interface-3.5.3-py3.10.egg-info/top_level.txt
[3.372s] -- Symlinking: /root/robot_ws/install/gazebo_map_creator_interface/local/lib/python3.10/dist-packages/gazebo_map_creator_interface/__init__.py
[3.380s] -- Symlinking: /root/robot_ws/install/gazebo_map_creator_interface/local/lib/python3.10/dist-packages/gazebo_map_creator_interface/_gazebo_map_creator_interface_s.ep.rosidl_typesupport_c.c
[3.390s] -- Symlinking: /root/robot_ws/install/gazebo_map_creator_interface/local/lib/python3.10/dist-packages/gazebo_map_creator_interface/_gazebo_map_creator_interface_s.ep.rosidl_typesupport_fastrtps_c.c
[3.399s] -- Symlinking: /root/robot_ws/install/gazebo_map_creator_interface/local/lib/python3.10/dist-packages/gazebo_map_creator_interface/_gazebo_map_creator_interface_s.ep.rosidl_typesupport_introspection_c.c
[3.408s] -- Symlinking: /root/robot_ws/install/gazebo_map_creator_interface/local/lib/python3.10/dist-packages/gazebo_map_creator_interface/gazebo_map_creator_interface_s__rosidl_typesupport_c.cpython-310-x86_64-linux-gnu.so
[3.419s] -- Symlinking: /root/robot_ws/install/gazebo_map_creator_interface/local/lib/python3.10/dist-packages/gazebo_map_creator_interface/gazebo_map_creator_interface_s__rosidl_typesupport_fastrtps_c.cpython-310-x86_64-linux-gnu.so
[3.426s] -- Symlinking: /root/robot_ws/install/gazebo_map_creator_interface/local/lib/python3.10/dist-packages/gazebo_map_creator_interface/gazebo_map_creator_interface_s__rosidl_typesupport_introspection_c.cpython-310-x86_64-linux-gnu.so
[3.431s] -- Symlinking: /root/robot_ws/install/gazebo_map_creator_interface/local/lib/python3.10/dist-packages/gazebo_map_creator_interface/libgazebo_map_creator_interface__rosidl_generator_py.so
[3.439s] -- Symlinking: /root/robot_ws/install/gazebo_map_creator_interface/local/lib/python3.10/dist-packages/gazebo_map_creator_interface/srv/__init__.py
[3.447s] -- Symlinking: /root/robot_ws/install/gazebo_map_creator_interface/local/lib/python3.10/dist-packages/gazebo_map_creator_interface/srv/_map_request.py
[3.452s] -- Symlinking: /root/robot_ws/install/gazebo_map_creator_interface/local/lib/python3.10/dist-packages/gazebo_map_creator_interface/srv/_map_request_s.c
[3.460s] -- Up-to-date symlink: /root/robot_ws/install/gazebo_map_creator_interface/local/lib/python3.10/dist-packages/gazebo_map_creator_interface/gazebo_map_creator_interface_s__rosidl_typesupport_fastrtps_c.cpython-310-x86_64-linux-gnu.so
[3.461s] -- Up-to-date symlink: /root/robot_ws/install/gazebo_map_creator_interface/local/lib/python3.10/dist-packages/gazebo_map_creator_interface/gazebo_map_creator_interface_s__rosidl_typesupport_introspection_c.cpython-310-x86_64-linux-gnu.so
[3.461s] -- Up-to-date symlink: /root/robot_ws/install/gazebo_map_creator_interface/local/lib/python3.10/dist-packages/gazebo_map_creator_interface/gazebo_map_creator_interface_s__rosidl_typesupport_c.cpython-310-x86_64-linux-gnu.so
[3.461s] -- Symlinking: /root/robot_ws/install/gazebo_map_creator_interface/share/gazebo_map_creator_interface/srv/MapRequest.idl
[3.470s] -- Symlinking: /root/robot_ws/install/gazebo_map_creator_interface/share/gazebo_map_creator_interface/srv/MapRequest.srv
[3.479s] -- Symlinking: /root/robot_ws/install/gazebo_map_creator_interface/share/gazebo_map_creator_interface/srv/MapRequest_Request.msg
[3.487s] -- Symlinking: /root/robot_ws/install/gazebo_map_creator_interface/share/gazebo_map_creator_interface/srv/MapRequest_Response.msg
[3.493s] -- Symlinking: /root/robot_ws/install/gazebo_map_creator_interface/share/ament_index/resource_index/package_run_dependencies/gazebo_map_creator_interface
[3.502s] -- Symlinking: /root/robot_ws/install/gazebo_map_creator_interface/share/ament_index/resource_index/parent_prefix_path/gazebo_map_creator_interface
[3.510s] -- Symlinking: /root/robot_ws/install/gazebo_map_creator_interface/share/gazebo_map_creator_interface/environment/ament_prefix_path.sh
[3.521s] -- Symlinking: /root/robot_ws/install/gazebo_map_creator_interface/share/gazebo_map_creator_interface/environment/ament_prefix_path.dsv
[3.527s] -- Symlinking: /root/robot_ws/install/gazebo_map_creator_interface/share/gazebo_map_creator_interface/environment/path.sh
[3.533s] -- Symlinking: /root/robot_ws/install/gazebo_map_creator_interface/share/gazebo_map_creator_interface/environment/path.dsv
[3.543s] -- Symlinking: /root/robot_ws/install/gazebo_map_creator_interface/share/gazebo_map_creator_interface/local_setup.bash
[3.553s] -- Symlinking: /root/robot_ws/install/gazebo_map_creator_interface/share/gazebo_map_creator_interface/local_setup.sh
[3.559s] -- Symlinking: /root/robot_ws/install/gazebo_map_creator_interface/share/gazebo_map_creator_interface/local_setup.zsh
[3.567s] -- Symlinking: /root/robot_ws/install/gazebo_map_creator_interface/share/gazebo_map_creator_interface/local_setup.dsv
[3.576s] -- Symlinking: /root/robot_ws/install/gazebo_map_creator_interface/share/gazebo_map_creator_interface/package.dsv
[3.582s] -- Symlinking: /root/robot_ws/install/gazebo_map_creator_interface/share/ament_index/resource_index/packages/gazebo_map_creator_interface
[3.590s] -- Symlinking: /root/robot_ws/install/gazebo_map_creator_interface/share/gazebo_map_creator_interface/cmake/rosidl_cmake-extras.cmake
[3.598s] -- Symlinking: /root/robot_ws/install/gazebo_map_creator_interface/share/gazebo_map_creator_interface/cmake/ament_cmake_export_dependencies-extras.cmake
[3.606s] -- Symlinking: /root/robot_ws/install/gazebo_map_creator_interface/share/gazebo_map_creator_interface/cmake/ament_cmake_export_include_directories-extras.cmake
[3.613s] -- Symlinking: /root/robot_ws/install/gazebo_map_creator_interface/share/gazebo_map_creator_interface/cmake/ament_cmake_export_libraries-extras.cmake
[3.620s] -- Symlinking: /root/robot_ws/install/gazebo_map_creator_interface/share/gazebo_map_creator_interface/cmake/ament_cmake_export_targets-extras.cmake
[3.625s] -- Symlinking: /root/robot_ws/install/gazebo_map_creator_interface/share/gazebo_map_creator_interface/cmake/rosidl_cmake_export_typesupport_targets-extras.cmake
[3.633s] -- Symlinking: /root/robot_ws/install/gazebo_map_creator_interface/share/gazebo_map_creator_interface/cmake/rosidl_cmake_export_typesupport_libraries-extras.cmake
[3.641s] -- Symlinking: /root/robot_ws/install/gazebo_map_creator_interface/share/gazebo_map_creator_interface/cmake/gazebo_map_creator_interfaceConfig.cmake
[3.651s] -- Symlinking: /root/robot_ws/install/gazebo_map_creator_interface/share/gazebo_map_creator_interface/cmake/gazebo_map_creator_interfaceConfig-version.cmake
[3.658s] -- Symlinking: /root/robot_ws/install/gazebo_map_creator_interface/share/gazebo_map_creator_interface/package.xml
[3.668s] -- Installing: /root/robot_ws/install/gazebo_map_creator_interface/lib/libgazebo_map_creator_interface__rosidl_generator_c.so
[3.669s] -- Set runtime path of "/root/robot_ws/install/gazebo_map_creator_interface/lib/libgazebo_map_creator_interface__rosidl_generator_c.so" to ""
[3.669s] -- Installing: /root/robot_ws/install/gazebo_map_creator_interface/lib/libgazebo_map_creator_interface__rosidl_typesupport_fastrtps_c.so
[3.670s] -- Set runtime path of "/root/robot_ws/install/gazebo_map_creator_interface/lib/libgazebo_map_creator_interface__rosidl_typesupport_fastrtps_c.so" to ""
[3.670s] -- Installing: /root/robot_ws/install/gazebo_map_creator_interface/lib/libgazebo_map_creator_interface__rosidl_typesupport_fastrtps_cpp.so
[3.670s] -- Set runtime path of "/root/robot_ws/install/gazebo_map_creator_interface/lib/libgazebo_map_creator_interface__rosidl_typesupport_fastrtps_cpp.so" to ""
[3.670s] -- Installing: /root/robot_ws/install/gazebo_map_creator_interface/lib/libgazebo_map_creator_interface__rosidl_typesupport_introspection_c.so
[3.671s] -- Set runtime path of "/root/robot_ws/install/gazebo_map_creator_interface/lib/libgazebo_map_creator_interface__rosidl_typesupport_introspection_c.so" to ""
[3.671s] -- Installing: /root/robot_ws/install/gazebo_map_creator_interface/lib/libgazebo_map_creator_interface__rosidl_typesupport_c.so
[3.671s] -- Set runtime path of "/root/robot_ws/install/gazebo_map_creator_interface/lib/libgazebo_map_creator_interface__rosidl_typesupport_c.so" to ""
[3.671s] -- Installing: /root/robot_ws/install/gazebo_map_creator_interface/lib/libgazebo_map_creator_interface__rosidl_typesupport_introspection_cpp.so
[3.672s] -- Set runtime path of "/root/robot_ws/install/gazebo_map_creator_interface/lib/libgazebo_map_creator_interface__rosidl_typesupport_introspection_cpp.so" to ""
[3.672s] -- Installing: /root/robot_ws/install/gazebo_map_creator_interface/lib/libgazebo_map_creator_interface__rosidl_typesupport_cpp.so
[3.672s] -- Set runtime path of "/root/robot_ws/install/gazebo_map_creator_interface/lib/libgazebo_map_creator_interface__rosidl_typesupport_cpp.so" to ""
[3.699s] Listing '/root/robot_ws/install/gazebo_map_creator_interface/local/lib/python3.10/dist-packages/gazebo_map_creator_interface'...
[3.699s] Compiling '/root/robot_ws/install/gazebo_map_creator_interface/local/lib/python3.10/dist-packages/gazebo_map_creator_interface/__init__.py'...
[3.699s] Listing '/root/robot_ws/install/gazebo_map_creator_interface/local/lib/python3.10/dist-packages/gazebo_map_creator_interface/srv'...
[3.699s] Compiling '/root/robot_ws/install/gazebo_map_creator_interface/local/lib/python3.10/dist-packages/gazebo_map_creator_interface/srv/__init__.py'...
[3.699s] Compiling '/root/robot_ws/install/gazebo_map_creator_interface/local/lib/python3.10/dist-packages/gazebo_map_creator_interface/srv/_map_request.py'...
[3.702s] -- Installing: /root/robot_ws/install/gazebo_map_creator_interface/lib/libgazebo_map_creator_interface__rosidl_generator_py.so
[3.702s] -- Set runtime path of "/root/robot_ws/install/gazebo_map_creator_interface/lib/libgazebo_map_creator_interface__rosidl_generator_py.so" to ""
[3.702s] -- Installing: /root/robot_ws/install/gazebo_map_creator_interface/share/gazebo_map_creator_interface/cmake/export_gazebo_map_creator_interface__rosidl_generator_cExport.cmake
[3.703s] -- Installing: /root/robot_ws/install/gazebo_map_creator_interface/share/gazebo_map_creator_interface/cmake/export_gazebo_map_creator_interface__rosidl_generator_cExport-noconfig.cmake
[3.703s] -- Installing: /root/robot_ws/install/gazebo_map_creator_interface/share/gazebo_map_creator_interface/cmake/export_gazebo_map_creator_interface__rosidl_typesupport_fastrtps_cExport.cmake
[3.703s] -- Installing: /root/robot_ws/install/gazebo_map_creator_interface/share/gazebo_map_creator_interface/cmake/export_gazebo_map_creator_interface__rosidl_typesupport_fastrtps_cExport-noconfig.cmake
[3.703s] -- Installing: /root/robot_ws/install/gazebo_map_creator_interface/share/gazebo_map_creator_interface/cmake/export_gazebo_map_creator_interface__rosidl_generator_cppExport.cmake
[3.704s] -- Installing: /root/robot_ws/install/gazebo_map_creator_interface/share/gazebo_map_creator_interface/cmake/export_gazebo_map_creator_interface__rosidl_typesupport_fastrtps_cppExport.cmake
[3.704s] -- Installing: /root/robot_ws/install/gazebo_map_creator_interface/share/gazebo_map_creator_interface/cmake/export_gazebo_map_creator_interface__rosidl_typesupport_fastrtps_cppExport-noconfig.cmake
[3.704s] -- Installing: /root/robot_ws/install/gazebo_map_creator_interface/share/gazebo_map_creator_interface/cmake/gazebo_map_creator_interface__rosidl_typesupport_introspection_cExport.cmake
[3.705s] -- Installing: /root/robot_ws/install/gazebo_map_creator_interface/share/gazebo_map_creator_interface/cmake/gazebo_map_creator_interface__rosidl_typesupport_introspection_cExport-noconfig.cmake
[3.705s] -- Installing: /root/robot_ws/install/gazebo_map_creator_interface/share/gazebo_map_creator_interface/cmake/gazebo_map_creator_interface__rosidl_typesupport_cExport.cmake
[3.705s] -- Installing: /root/robot_ws/install/gazebo_map_creator_interface/share/gazebo_map_creator_interface/cmake/gazebo_map_creator_interface__rosidl_typesupport_cExport-noconfig.cmake
[3.705s] -- Installing: /root/robot_ws/install/gazebo_map_creator_interface/share/gazebo_map_creator_interface/cmake/gazebo_map_creator_interface__rosidl_typesupport_introspection_cppExport.cmake
[3.706s] -- Installing: /root/robot_ws/install/gazebo_map_creator_interface/share/gazebo_map_creator_interface/cmake/gazebo_map_creator_interface__rosidl_typesupport_introspection_cppExport-noconfig.cmake
[3.706s] -- Installing: /root/robot_ws/install/gazebo_map_creator_interface/share/gazebo_map_creator_interface/cmake/gazebo_map_creator_interface__rosidl_typesupport_cppExport.cmake
[3.706s] -- Installing: /root/robot_ws/install/gazebo_map_creator_interface/share/gazebo_map_creator_interface/cmake/gazebo_map_creator_interface__rosidl_typesupport_cppExport-noconfig.cmake
[3.706s] -- Installing: /root/robot_ws/install/gazebo_map_creator_interface/share/gazebo_map_creator_interface/cmake/export_gazebo_map_creator_interface__rosidl_generator_pyExport.cmake
[3.707s] -- Installing: /root/robot_ws/install/gazebo_map_creator_interface/share/gazebo_map_creator_interface/cmake/export_gazebo_map_creator_interface__rosidl_generator_pyExport-noconfig.cmake
[3.710s] Invoked command in '/root/robot_ws/build/gazebo_map_creator_interface' returned '0': CMAKE_PREFIX_PATH=/opt/ros/humble /usr/bin/cmake --install /root/robot_ws/build/gazebo_map_creator_interface
