[0.084s] DEBUG:colcon:Command line arguments: ['/usr/bin/colcon', 'build', '--symlink-install']
[0.084s] DEBUG:colcon:Parsed command line arguments: Namespace(log_base=None, log_level=None, verb_name='build', build_base='build', install_base='install', merge_install=False, symlink_install=True, test_result_base=None, continue_on_error=False, executor='parallel', parallel_workers=16, event_handlers=None, ignore_user_meta=False, metas=['./colcon.meta'], base_paths=['.'], packages_ignore=None, packages_ignore_regex=None, paths=None, packages_up_to=None, packages_up_to_regex=None, packages_above=None, packages_above_and_dependencies=None, packages_above_depth=None, packages_select_by_dep=None, packages_skip_by_dep=None, packages_skip_up_to=None, packages_select_build_failed=False, packages_skip_build_finished=False, packages_select_test_failures=False, packages_skip_test_passed=False, packages_select=None, packages_skip=None, packages_select_regex=None, packages_skip_regex=None, packages_start=None, packages_end=None, cmake_args=None, cmake_target=None, cmake_target_skip_unavailable=False, cmake_clean_cache=False, cmake_clean_first=False, cmake_force_configure=False, ament_cmake_args=None, catkin_cmake_args=None, catkin_skip_building_tests=False, mixin_files=None, mixin=None, verb_parser=<colcon_mixin.mixin.mixin_argument.MixinArgumentDecorator object at 0x7f8504cdb670>, verb_extension=<colcon_core.verb.build.BuildVerb object at 0x7f8504cdacb0>, main=<bound method BuildVerb.main of <colcon_core.verb.build.BuildVerb object at 0x7f8504cdacb0>>, mixin_verb=('build',))
[0.185s] Level 1:colcon.colcon_core.package_discovery:discover_packages(colcon_meta) check parameters
[0.185s] INFO:colcon.colcon_metadata.package_discovery.colcon_meta:Using configuration from '/root/.colcon/metadata/default/Gazebo.meta'
[0.186s] INFO:colcon.colcon_metadata.package_discovery.colcon_meta:Using configuration from '/root/.colcon/metadata/default/fastrtps.meta'
[0.186s] Level 1:colcon.colcon_core.package_discovery:discover_packages(recursive) check parameters
[0.186s] Level 1:colcon.colcon_core.package_discovery:discover_packages(ignore) check parameters
[0.186s] Level 1:colcon.colcon_core.package_discovery:discover_packages(path) check parameters
[0.186s] Level 1:colcon.colcon_core.package_discovery:discover_packages(colcon_meta) discover
[0.186s] Level 1:colcon.colcon_core.package_discovery:discover_packages(recursive) discover
[0.186s] INFO:colcon.colcon_core.package_discovery:Crawling recursively for packages in '/root/robot_ws'
[0.186s] Level 1:colcon.colcon_core.package_identification:_identify(.) by extensions ['ignore', 'ignore_ament_install']
[0.186s] Level 1:colcon.colcon_core.package_identification:_identify(.) by extension 'ignore'
[0.186s] Level 1:colcon.colcon_core.package_identification:_identify(.) by extension 'ignore_ament_install'
[0.186s] Level 1:colcon.colcon_core.package_identification:_identify(.) by extensions ['colcon_pkg']
[0.186s] Level 1:colcon.colcon_core.package_identification:_identify(.) by extension 'colcon_pkg'
[0.186s] Level 1:colcon.colcon_core.package_identification:_identify(.) by extensions ['colcon_meta']
[0.186s] Level 1:colcon.colcon_core.package_identification:_identify(.) by extension 'colcon_meta'
[0.186s] Level 1:colcon.colcon_core.package_identification:_identify(.) by extensions ['ros']
[0.186s] Level 1:colcon.colcon_core.package_identification:_identify(.) by extension 'ros'
[0.193s] Level 1:colcon.colcon_core.package_identification:_identify(.) by extensions ['cmake', 'python']
[0.193s] Level 1:colcon.colcon_core.package_identification:_identify(.) by extension 'cmake'
[0.193s] Level 1:colcon.colcon_core.package_identification:_identify(.) by extension 'python'
[0.193s] Level 1:colcon.colcon_core.package_identification:_identify(.) by extensions ['python_setup_py']
[0.193s] Level 1:colcon.colcon_core.package_identification:_identify(.) by extension 'python_setup_py'
[0.194s] Level 1:colcon.colcon_core.package_identification:_identify(build) by extensions ['ignore', 'ignore_ament_install']
[0.194s] Level 1:colcon.colcon_core.package_identification:_identify(build) by extension 'ignore'
[0.194s] Level 1:colcon.colcon_core.package_identification:_identify(build) ignored
[0.194s] Level 1:colcon.colcon_core.package_identification:_identify(install) by extensions ['ignore', 'ignore_ament_install']
[0.194s] Level 1:colcon.colcon_core.package_identification:_identify(install) by extension 'ignore'
[0.194s] Level 1:colcon.colcon_core.package_identification:_identify(install) ignored
[0.194s] Level 1:colcon.colcon_core.package_identification:_identify(log) by extensions ['ignore', 'ignore_ament_install']
[0.194s] Level 1:colcon.colcon_core.package_identification:_identify(log) by extension 'ignore'
[0.194s] Level 1:colcon.colcon_core.package_identification:_identify(log) ignored
[0.194s] Level 1:colcon.colcon_core.package_identification:_identify(maps) by extensions ['ignore', 'ignore_ament_install']
[0.194s] Level 1:colcon.colcon_core.package_identification:_identify(maps) by extension 'ignore'
[0.194s] Level 1:colcon.colcon_core.package_identification:_identify(maps) by extension 'ignore_ament_install'
[0.194s] Level 1:colcon.colcon_core.package_identification:_identify(maps) by extensions ['colcon_pkg']
[0.194s] Level 1:colcon.colcon_core.package_identification:_identify(maps) by extension 'colcon_pkg'
[0.194s] Level 1:colcon.colcon_core.package_identification:_identify(maps) by extensions ['colcon_meta']
[0.194s] Level 1:colcon.colcon_core.package_identification:_identify(maps) by extension 'colcon_meta'
[0.194s] Level 1:colcon.colcon_core.package_identification:_identify(maps) by extensions ['ros']
[0.194s] Level 1:colcon.colcon_core.package_identification:_identify(maps) by extension 'ros'
[0.194s] Level 1:colcon.colcon_core.package_identification:_identify(maps) by extensions ['cmake', 'python']
[0.194s] Level 1:colcon.colcon_core.package_identification:_identify(maps) by extension 'cmake'
[0.194s] Level 1:colcon.colcon_core.package_identification:_identify(maps) by extension 'python'
[0.194s] Level 1:colcon.colcon_core.package_identification:_identify(maps) by extensions ['python_setup_py']
[0.194s] Level 1:colcon.colcon_core.package_identification:_identify(maps) by extension 'python_setup_py'
[0.195s] Level 1:colcon.colcon_core.package_identification:_identify(src) by extensions ['ignore', 'ignore_ament_install']
[0.195s] Level 1:colcon.colcon_core.package_identification:_identify(src) by extension 'ignore'
[0.195s] Level 1:colcon.colcon_core.package_identification:_identify(src) by extension 'ignore_ament_install'
[0.195s] Level 1:colcon.colcon_core.package_identification:_identify(src) by extensions ['colcon_pkg']
[0.195s] Level 1:colcon.colcon_core.package_identification:_identify(src) by extension 'colcon_pkg'
[0.195s] Level 1:colcon.colcon_core.package_identification:_identify(src) by extensions ['colcon_meta']
[0.195s] Level 1:colcon.colcon_core.package_identification:_identify(src) by extension 'colcon_meta'
[0.195s] Level 1:colcon.colcon_core.package_identification:_identify(src) by extensions ['ros']
[0.195s] Level 1:colcon.colcon_core.package_identification:_identify(src) by extension 'ros'
[0.195s] Level 1:colcon.colcon_core.package_identification:_identify(src) by extensions ['cmake', 'python']
[0.195s] Level 1:colcon.colcon_core.package_identification:_identify(src) by extension 'cmake'
[0.195s] Level 1:colcon.colcon_core.package_identification:_identify(src) by extension 'python'
[0.195s] Level 1:colcon.colcon_core.package_identification:_identify(src) by extensions ['python_setup_py']
[0.195s] Level 1:colcon.colcon_core.package_identification:_identify(src) by extension 'python_setup_py'
[0.195s] Level 1:colcon.colcon_core.package_identification:_identify(src/gazebo_map_creator) by extensions ['ignore', 'ignore_ament_install']
[0.195s] Level 1:colcon.colcon_core.package_identification:_identify(src/gazebo_map_creator) by extension 'ignore'
[0.195s] Level 1:colcon.colcon_core.package_identification:_identify(src/gazebo_map_creator) by extension 'ignore_ament_install'
[0.195s] Level 1:colcon.colcon_core.package_identification:_identify(src/gazebo_map_creator) by extensions ['colcon_pkg']
[0.195s] Level 1:colcon.colcon_core.package_identification:_identify(src/gazebo_map_creator) by extension 'colcon_pkg'
[0.195s] Level 1:colcon.colcon_core.package_identification:_identify(src/gazebo_map_creator) by extensions ['colcon_meta']
[0.195s] Level 1:colcon.colcon_core.package_identification:_identify(src/gazebo_map_creator) by extension 'colcon_meta'
[0.195s] Level 1:colcon.colcon_core.package_identification:_identify(src/gazebo_map_creator) by extensions ['ros']
[0.195s] Level 1:colcon.colcon_core.package_identification:_identify(src/gazebo_map_creator) by extension 'ros'
[0.195s] Level 1:colcon.colcon_core.package_identification:_identify(src/gazebo_map_creator) by extensions ['cmake', 'python']
[0.195s] Level 1:colcon.colcon_core.package_identification:_identify(src/gazebo_map_creator) by extension 'cmake'
[0.195s] Level 1:colcon.colcon_core.package_identification:_identify(src/gazebo_map_creator) by extension 'python'
[0.195s] Level 1:colcon.colcon_core.package_identification:_identify(src/gazebo_map_creator) by extensions ['python_setup_py']
[0.195s] Level 1:colcon.colcon_core.package_identification:_identify(src/gazebo_map_creator) by extension 'python_setup_py'
[0.195s] Level 1:colcon.colcon_core.package_identification:_identify(src/gazebo_map_creator/gazebo_map_creator) by extensions ['ignore', 'ignore_ament_install']
[0.196s] Level 1:colcon.colcon_core.package_identification:_identify(src/gazebo_map_creator/gazebo_map_creator) by extension 'ignore'
[0.196s] Level 1:colcon.colcon_core.package_identification:_identify(src/gazebo_map_creator/gazebo_map_creator) by extension 'ignore_ament_install'
[0.196s] Level 1:colcon.colcon_core.package_identification:_identify(src/gazebo_map_creator/gazebo_map_creator) by extensions ['colcon_pkg']
[0.196s] Level 1:colcon.colcon_core.package_identification:_identify(src/gazebo_map_creator/gazebo_map_creator) by extension 'colcon_pkg'
[0.196s] Level 1:colcon.colcon_core.package_identification:_identify(src/gazebo_map_creator/gazebo_map_creator) by extensions ['colcon_meta']
[0.196s] Level 1:colcon.colcon_core.package_identification:_identify(src/gazebo_map_creator/gazebo_map_creator) by extension 'colcon_meta'
[0.196s] Level 1:colcon.colcon_core.package_identification:_identify(src/gazebo_map_creator/gazebo_map_creator) by extensions ['ros']
[0.196s] Level 1:colcon.colcon_core.package_identification:_identify(src/gazebo_map_creator/gazebo_map_creator) by extension 'ros'
[0.197s] DEBUG:colcon.colcon_core.package_identification:Package 'src/gazebo_map_creator/gazebo_map_creator' with type 'ros.ament_cmake' and name 'gazebo_map_creator'
[0.197s] Level 1:colcon.colcon_core.package_identification:_identify(src/gazebo_map_creator/gazebo_map_creator_ign) by extensions ['ignore', 'ignore_ament_install']
[0.198s] Level 1:colcon.colcon_core.package_identification:_identify(src/gazebo_map_creator/gazebo_map_creator_ign) by extension 'ignore'
[0.198s] Level 1:colcon.colcon_core.package_identification:_identify(src/gazebo_map_creator/gazebo_map_creator_ign) ignored
[0.198s] Level 1:colcon.colcon_core.package_identification:_identify(src/gazebo_map_creator/gazebo_map_creator_interface) by extensions ['ignore', 'ignore_ament_install']
[0.198s] Level 1:colcon.colcon_core.package_identification:_identify(src/gazebo_map_creator/gazebo_map_creator_interface) by extension 'ignore'
[0.198s] Level 1:colcon.colcon_core.package_identification:_identify(src/gazebo_map_creator/gazebo_map_creator_interface) by extension 'ignore_ament_install'
[0.198s] Level 1:colcon.colcon_core.package_identification:_identify(src/gazebo_map_creator/gazebo_map_creator_interface) by extensions ['colcon_pkg']
[0.198s] Level 1:colcon.colcon_core.package_identification:_identify(src/gazebo_map_creator/gazebo_map_creator_interface) by extension 'colcon_pkg'
[0.198s] Level 1:colcon.colcon_core.package_identification:_identify(src/gazebo_map_creator/gazebo_map_creator_interface) by extensions ['colcon_meta']
[0.198s] Level 1:colcon.colcon_core.package_identification:_identify(src/gazebo_map_creator/gazebo_map_creator_interface) by extension 'colcon_meta'
[0.198s] Level 1:colcon.colcon_core.package_identification:_identify(src/gazebo_map_creator/gazebo_map_creator_interface) by extensions ['ros']
[0.198s] Level 1:colcon.colcon_core.package_identification:_identify(src/gazebo_map_creator/gazebo_map_creator_interface) by extension 'ros'
[0.198s] DEBUG:colcon.colcon_core.package_identification:Package 'src/gazebo_map_creator/gazebo_map_creator_interface' with type 'ros.ament_cmake' and name 'gazebo_map_creator_interface'
[0.198s] Level 1:colcon.colcon_core.package_discovery:discover_packages(recursive) using defaults
[0.198s] Level 1:colcon.colcon_core.package_discovery:discover_packages(ignore) discover
[0.198s] Level 1:colcon.colcon_core.package_discovery:discover_packages(ignore) using defaults
[0.198s] Level 1:colcon.colcon_core.package_discovery:discover_packages(path) discover
[0.198s] Level 1:colcon.colcon_core.package_discovery:discover_packages(path) using defaults
[0.212s] Level 5:colcon.colcon_core.verb:set package 'gazebo_map_creator_interface' build argument 'cmake_args' from command line to 'None'
[0.212s] Level 5:colcon.colcon_core.verb:set package 'gazebo_map_creator_interface' build argument 'cmake_target' from command line to 'None'
[0.212s] Level 5:colcon.colcon_core.verb:set package 'gazebo_map_creator_interface' build argument 'cmake_target_skip_unavailable' from command line to 'False'
[0.212s] Level 5:colcon.colcon_core.verb:set package 'gazebo_map_creator_interface' build argument 'cmake_clean_cache' from command line to 'False'
[0.212s] Level 5:colcon.colcon_core.verb:set package 'gazebo_map_creator_interface' build argument 'cmake_clean_first' from command line to 'False'
[0.212s] Level 5:colcon.colcon_core.verb:set package 'gazebo_map_creator_interface' build argument 'cmake_force_configure' from command line to 'False'
[0.212s] Level 5:colcon.colcon_core.verb:set package 'gazebo_map_creator_interface' build argument 'ament_cmake_args' from command line to 'None'
[0.212s] Level 5:colcon.colcon_core.verb:set package 'gazebo_map_creator_interface' build argument 'catkin_cmake_args' from command line to 'None'
[0.212s] Level 5:colcon.colcon_core.verb:set package 'gazebo_map_creator_interface' build argument 'catkin_skip_building_tests' from command line to 'False'
[0.212s] DEBUG:colcon.colcon_core.verb:Building package 'gazebo_map_creator_interface' with the following arguments: {'ament_cmake_args': None, 'build_base': '/root/robot_ws/build/gazebo_map_creator_interface', 'catkin_cmake_args': None, 'catkin_skip_building_tests': False, 'cmake_args': None, 'cmake_clean_cache': False, 'cmake_clean_first': False, 'cmake_force_configure': False, 'cmake_target': None, 'cmake_target_skip_unavailable': False, 'install_base': '/root/robot_ws/install/gazebo_map_creator_interface', 'merge_install': False, 'path': '/root/robot_ws/src/gazebo_map_creator/gazebo_map_creator_interface', 'symlink_install': True, 'test_result_base': None}
[0.212s] Level 5:colcon.colcon_core.verb:set package 'gazebo_map_creator' build argument 'cmake_args' from command line to 'None'
[0.212s] Level 5:colcon.colcon_core.verb:set package 'gazebo_map_creator' build argument 'cmake_target' from command line to 'None'
[0.212s] Level 5:colcon.colcon_core.verb:set package 'gazebo_map_creator' build argument 'cmake_target_skip_unavailable' from command line to 'False'
[0.212s] Level 5:colcon.colcon_core.verb:set package 'gazebo_map_creator' build argument 'cmake_clean_cache' from command line to 'False'
[0.212s] Level 5:colcon.colcon_core.verb:set package 'gazebo_map_creator' build argument 'cmake_clean_first' from command line to 'False'
[0.212s] Level 5:colcon.colcon_core.verb:set package 'gazebo_map_creator' build argument 'cmake_force_configure' from command line to 'False'
[0.212s] Level 5:colcon.colcon_core.verb:set package 'gazebo_map_creator' build argument 'ament_cmake_args' from command line to 'None'
[0.212s] Level 5:colcon.colcon_core.verb:set package 'gazebo_map_creator' build argument 'catkin_cmake_args' from command line to 'None'
[0.212s] Level 5:colcon.colcon_core.verb:set package 'gazebo_map_creator' build argument 'catkin_skip_building_tests' from command line to 'False'
[0.212s] DEBUG:colcon.colcon_core.verb:Building package 'gazebo_map_creator' with the following arguments: {'ament_cmake_args': None, 'build_base': '/root/robot_ws/build/gazebo_map_creator', 'catkin_cmake_args': None, 'catkin_skip_building_tests': False, 'cmake_args': None, 'cmake_clean_cache': False, 'cmake_clean_first': False, 'cmake_force_configure': False, 'cmake_target': None, 'cmake_target_skip_unavailable': False, 'install_base': '/root/robot_ws/install/gazebo_map_creator', 'merge_install': False, 'path': '/root/robot_ws/src/gazebo_map_creator/gazebo_map_creator', 'symlink_install': True, 'test_result_base': None}
[0.212s] INFO:colcon.colcon_core.executor:Executing jobs using 'parallel' executor
[0.213s] DEBUG:colcon.colcon_parallel_executor.executor.parallel:run_until_complete
[0.213s] INFO:colcon.colcon_ros.task.ament_cmake.build:Building ROS package in '/root/robot_ws/src/gazebo_map_creator/gazebo_map_creator_interface' with build type 'ament_cmake'
[0.213s] INFO:colcon.colcon_cmake.task.cmake.build:Building CMake package in '/root/robot_ws/src/gazebo_map_creator/gazebo_map_creator_interface'
[0.215s] INFO:colcon.colcon_core.plugin_system:Skipping extension 'colcon_core.shell.bat': Not used on non-Windows systems
[0.215s] INFO:colcon.colcon_core.shell:Skip shell extension 'powershell' for command environment: Not usable outside of PowerShell
[0.215s] DEBUG:colcon.colcon_core.shell:Skip shell extension 'dsv' for command environment
[0.226s] DEBUG:colcon.colcon_core.event_handler.log_command:Invoking command in '/root/robot_ws/build/gazebo_map_creator_interface': CMAKE_PREFIX_PATH=${CMAKE_PREFIX_PATH}:/opt/ros/humble /usr/bin/cmake --build /root/robot_ws/build/gazebo_map_creator_interface -- -j16 -l16
[0.478s] DEBUG:colcon.colcon_core.event_handler.log_command:Invoked command in '/root/robot_ws/build/gazebo_map_creator_interface' returned '0': CMAKE_PREFIX_PATH=${CMAKE_PREFIX_PATH}:/opt/ros/humble /usr/bin/cmake --build /root/robot_ws/build/gazebo_map_creator_interface -- -j16 -l16
[0.490s] DEBUG:colcon.colcon_core.event_handler.log_command:Invoking command in '/root/robot_ws/build/gazebo_map_creator_interface': CMAKE_PREFIX_PATH=${CMAKE_PREFIX_PATH}:/opt/ros/humble /usr/bin/cmake --install /root/robot_ws/build/gazebo_map_creator_interface
[0.553s] Level 1:colcon.colcon_core.environment:create_environment_scripts_only(gazebo_map_creator_interface)
[0.554s] DEBUG:colcon.colcon_core.event_handler.log_command:Invoked command in '/root/robot_ws/build/gazebo_map_creator_interface' returned '0': CMAKE_PREFIX_PATH=${CMAKE_PREFIX_PATH}:/opt/ros/humble /usr/bin/cmake --install /root/robot_ws/build/gazebo_map_creator_interface
[0.556s] Level 1:colcon.colcon_core.environment:checking '/root/robot_ws/install/gazebo_map_creator_interface' for CMake module files
[0.557s] Level 1:colcon.colcon_core.environment:checking '/root/robot_ws/install/gazebo_map_creator_interface' for CMake config files
[0.558s] Level 1:colcon.colcon_core.shell:create_environment_hook('gazebo_map_creator_interface', 'cmake_prefix_path')
[0.558s] INFO:colcon.colcon_core.shell:Creating environment hook '/root/robot_ws/install/gazebo_map_creator_interface/share/gazebo_map_creator_interface/hook/cmake_prefix_path.ps1'
[0.558s] INFO:colcon.colcon_core.shell:Creating environment descriptor '/root/robot_ws/install/gazebo_map_creator_interface/share/gazebo_map_creator_interface/hook/cmake_prefix_path.dsv'
[0.559s] INFO:colcon.colcon_core.shell:Creating environment hook '/root/robot_ws/install/gazebo_map_creator_interface/share/gazebo_map_creator_interface/hook/cmake_prefix_path.sh'
[0.560s] Level 1:colcon.colcon_core.environment:checking '/root/robot_ws/install/gazebo_map_creator_interface/lib'
[0.560s] Level 1:colcon.colcon_core.shell:create_environment_hook('gazebo_map_creator_interface', 'ld_library_path_lib')
[0.560s] INFO:colcon.colcon_core.shell:Creating environment hook '/root/robot_ws/install/gazebo_map_creator_interface/share/gazebo_map_creator_interface/hook/ld_library_path_lib.ps1'
[0.560s] INFO:colcon.colcon_core.shell:Creating environment descriptor '/root/robot_ws/install/gazebo_map_creator_interface/share/gazebo_map_creator_interface/hook/ld_library_path_lib.dsv'
[0.561s] INFO:colcon.colcon_core.shell:Creating environment hook '/root/robot_ws/install/gazebo_map_creator_interface/share/gazebo_map_creator_interface/hook/ld_library_path_lib.sh'
[0.561s] Level 1:colcon.colcon_core.environment:checking '/root/robot_ws/install/gazebo_map_creator_interface/bin'
[0.561s] Level 1:colcon.colcon_core.environment:checking '/root/robot_ws/install/gazebo_map_creator_interface/lib/pkgconfig/gazebo_map_creator_interface.pc'
[0.562s] Level 1:colcon.colcon_core.environment:checking '/root/robot_ws/install/gazebo_map_creator_interface/lib/python3.10/site-packages'
[0.563s] Level 1:colcon.colcon_core.environment:checking '/root/robot_ws/install/gazebo_map_creator_interface/bin'
[0.563s] INFO:colcon.colcon_core.shell:Creating package script '/root/robot_ws/install/gazebo_map_creator_interface/share/gazebo_map_creator_interface/package.ps1'
[0.564s] INFO:colcon.colcon_core.shell:Creating package descriptor '/root/robot_ws/install/gazebo_map_creator_interface/share/gazebo_map_creator_interface/package.dsv'
[0.564s] INFO:colcon.colcon_core.shell:Creating package script '/root/robot_ws/install/gazebo_map_creator_interface/share/gazebo_map_creator_interface/package.sh'
[0.565s] INFO:colcon.colcon_core.shell:Creating package script '/root/robot_ws/install/gazebo_map_creator_interface/share/gazebo_map_creator_interface/package.bash'
[0.565s] INFO:colcon.colcon_core.shell:Creating package script '/root/robot_ws/install/gazebo_map_creator_interface/share/gazebo_map_creator_interface/package.zsh'
[0.566s] Level 1:colcon.colcon_core.environment:create_file_with_runtime_dependencies(/root/robot_ws/install/gazebo_map_creator_interface/share/colcon-core/packages/gazebo_map_creator_interface)
[0.566s] Level 1:colcon.colcon_core.environment:create_environment_scripts_only(gazebo_map_creator_interface)
[0.566s] Level 1:colcon.colcon_core.environment:checking '/root/robot_ws/install/gazebo_map_creator_interface' for CMake module files
[0.567s] Level 1:colcon.colcon_core.environment:checking '/root/robot_ws/install/gazebo_map_creator_interface' for CMake config files
[0.567s] Level 1:colcon.colcon_core.shell:create_environment_hook('gazebo_map_creator_interface', 'cmake_prefix_path')
[0.567s] INFO:colcon.colcon_core.shell:Creating environment hook '/root/robot_ws/install/gazebo_map_creator_interface/share/gazebo_map_creator_interface/hook/cmake_prefix_path.ps1'
[0.568s] INFO:colcon.colcon_core.shell:Creating environment descriptor '/root/robot_ws/install/gazebo_map_creator_interface/share/gazebo_map_creator_interface/hook/cmake_prefix_path.dsv'
[0.568s] INFO:colcon.colcon_core.shell:Creating environment hook '/root/robot_ws/install/gazebo_map_creator_interface/share/gazebo_map_creator_interface/hook/cmake_prefix_path.sh'
[0.568s] Level 1:colcon.colcon_core.environment:checking '/root/robot_ws/install/gazebo_map_creator_interface/lib'
[0.568s] Level 1:colcon.colcon_core.shell:create_environment_hook('gazebo_map_creator_interface', 'ld_library_path_lib')
[0.568s] INFO:colcon.colcon_core.shell:Creating environment hook '/root/robot_ws/install/gazebo_map_creator_interface/share/gazebo_map_creator_interface/hook/ld_library_path_lib.ps1'
[0.569s] INFO:colcon.colcon_core.shell:Creating environment descriptor '/root/robot_ws/install/gazebo_map_creator_interface/share/gazebo_map_creator_interface/hook/ld_library_path_lib.dsv'
[0.569s] INFO:colcon.colcon_core.shell:Creating environment hook '/root/robot_ws/install/gazebo_map_creator_interface/share/gazebo_map_creator_interface/hook/ld_library_path_lib.sh'
[0.569s] Level 1:colcon.colcon_core.environment:checking '/root/robot_ws/install/gazebo_map_creator_interface/bin'
[0.569s] Level 1:colcon.colcon_core.environment:checking '/root/robot_ws/install/gazebo_map_creator_interface/lib/pkgconfig/gazebo_map_creator_interface.pc'
[0.569s] Level 1:colcon.colcon_core.environment:checking '/root/robot_ws/install/gazebo_map_creator_interface/lib/python3.10/site-packages'
[0.569s] Level 1:colcon.colcon_core.environment:checking '/root/robot_ws/install/gazebo_map_creator_interface/bin'
[0.569s] INFO:colcon.colcon_core.shell:Creating package script '/root/robot_ws/install/gazebo_map_creator_interface/share/gazebo_map_creator_interface/package.ps1'
[0.570s] INFO:colcon.colcon_core.shell:Creating package descriptor '/root/robot_ws/install/gazebo_map_creator_interface/share/gazebo_map_creator_interface/package.dsv'
[0.570s] INFO:colcon.colcon_core.shell:Creating package script '/root/robot_ws/install/gazebo_map_creator_interface/share/gazebo_map_creator_interface/package.sh'
[0.570s] INFO:colcon.colcon_core.shell:Creating package script '/root/robot_ws/install/gazebo_map_creator_interface/share/gazebo_map_creator_interface/package.bash'
[0.571s] INFO:colcon.colcon_core.shell:Creating package script '/root/robot_ws/install/gazebo_map_creator_interface/share/gazebo_map_creator_interface/package.zsh'
[0.571s] Level 1:colcon.colcon_core.environment:create_file_with_runtime_dependencies(/root/robot_ws/install/gazebo_map_creator_interface/share/colcon-core/packages/gazebo_map_creator_interface)
[0.571s] INFO:colcon.colcon_ros.task.ament_cmake.build:Building ROS package in '/root/robot_ws/src/gazebo_map_creator/gazebo_map_creator' with build type 'ament_cmake'
[0.571s] INFO:colcon.colcon_cmake.task.cmake.build:Building CMake package in '/root/robot_ws/src/gazebo_map_creator/gazebo_map_creator'
[0.571s] INFO:colcon.colcon_core.shell:Skip shell extension 'powershell' for command environment: Not usable outside of PowerShell
[0.572s] DEBUG:colcon.colcon_core.shell:Skip shell extension 'dsv' for command environment
[0.586s] DEBUG:colcon.colcon_core.event_handler.log_command:Invoking command in '/root/robot_ws/build/gazebo_map_creator': CMAKE_PREFIX_PATH=/root/robot_ws/install/gazebo_map_creator_interface:/root/robot_ws/install/gazebo_map_creator:/opt/ros/humble LD_LIBRARY_PATH=/root/robot_ws/install/gazebo_map_creator_interface/lib:/root/robot_ws/install/gazebo_map_creator/lib:/usr/lib/x86_64-linux-gnu/gazebo-11/plugins:/opt/ros/humble/opt/rviz_ogre_vendor/lib:/opt/ros/humble/lib/x86_64-linux-gnu:/opt/ros/humble/lib /usr/bin/cmake --build /root/robot_ws/build/gazebo_map_creator -- -j16 -l16
[0.695s] DEBUG:colcon.colcon_core.event_handler.log_command:Invoked command in '/root/robot_ws/build/gazebo_map_creator' returned '0': CMAKE_PREFIX_PATH=/root/robot_ws/install/gazebo_map_creator_interface:/root/robot_ws/install/gazebo_map_creator:/opt/ros/humble LD_LIBRARY_PATH=/root/robot_ws/install/gazebo_map_creator_interface/lib:/root/robot_ws/install/gazebo_map_creator/lib:/usr/lib/x86_64-linux-gnu/gazebo-11/plugins:/opt/ros/humble/opt/rviz_ogre_vendor/lib:/opt/ros/humble/lib/x86_64-linux-gnu:/opt/ros/humble/lib /usr/bin/cmake --build /root/robot_ws/build/gazebo_map_creator -- -j16 -l16
[0.697s] DEBUG:colcon.colcon_core.event_handler.log_command:Invoking command in '/root/robot_ws/build/gazebo_map_creator': CMAKE_PREFIX_PATH=/root/robot_ws/install/gazebo_map_creator_interface:/root/robot_ws/install/gazebo_map_creator:/opt/ros/humble LD_LIBRARY_PATH=/root/robot_ws/install/gazebo_map_creator_interface/lib:/root/robot_ws/install/gazebo_map_creator/lib:/usr/lib/x86_64-linux-gnu/gazebo-11/plugins:/opt/ros/humble/opt/rviz_ogre_vendor/lib:/opt/ros/humble/lib/x86_64-linux-gnu:/opt/ros/humble/lib /usr/bin/cmake --install /root/robot_ws/build/gazebo_map_creator
[0.720s] Level 1:colcon.colcon_core.environment:create_environment_scripts_only(gazebo_map_creator)
[0.720s] Level 1:colcon.colcon_core.environment:checking '/root/robot_ws/install/gazebo_map_creator' for CMake module files
[0.720s] DEBUG:colcon.colcon_core.event_handler.log_command:Invoked command in '/root/robot_ws/build/gazebo_map_creator' returned '0': CMAKE_PREFIX_PATH=/root/robot_ws/install/gazebo_map_creator_interface:/root/robot_ws/install/gazebo_map_creator:/opt/ros/humble LD_LIBRARY_PATH=/root/robot_ws/install/gazebo_map_creator_interface/lib:/root/robot_ws/install/gazebo_map_creator/lib:/usr/lib/x86_64-linux-gnu/gazebo-11/plugins:/opt/ros/humble/opt/rviz_ogre_vendor/lib:/opt/ros/humble/lib/x86_64-linux-gnu:/opt/ros/humble/lib /usr/bin/cmake --install /root/robot_ws/build/gazebo_map_creator
[0.720s] Level 1:colcon.colcon_core.environment:checking '/root/robot_ws/install/gazebo_map_creator' for CMake config files
[0.721s] Level 1:colcon.colcon_core.shell:create_environment_hook('gazebo_map_creator', 'cmake_prefix_path')
[0.721s] INFO:colcon.colcon_core.shell:Creating environment hook '/root/robot_ws/install/gazebo_map_creator/share/gazebo_map_creator/hook/cmake_prefix_path.ps1'
[0.721s] INFO:colcon.colcon_core.shell:Creating environment descriptor '/root/robot_ws/install/gazebo_map_creator/share/gazebo_map_creator/hook/cmake_prefix_path.dsv'
[0.722s] INFO:colcon.colcon_core.shell:Creating environment hook '/root/robot_ws/install/gazebo_map_creator/share/gazebo_map_creator/hook/cmake_prefix_path.sh'
[0.723s] Level 1:colcon.colcon_core.environment:checking '/root/robot_ws/install/gazebo_map_creator/lib'
[0.723s] Level 1:colcon.colcon_core.shell:create_environment_hook('gazebo_map_creator', 'ld_library_path_lib')
[0.723s] INFO:colcon.colcon_core.shell:Creating environment hook '/root/robot_ws/install/gazebo_map_creator/share/gazebo_map_creator/hook/ld_library_path_lib.ps1'
[0.724s] INFO:colcon.colcon_core.shell:Creating environment descriptor '/root/robot_ws/install/gazebo_map_creator/share/gazebo_map_creator/hook/ld_library_path_lib.dsv'
[0.725s] INFO:colcon.colcon_core.shell:Creating environment hook '/root/robot_ws/install/gazebo_map_creator/share/gazebo_map_creator/hook/ld_library_path_lib.sh'
[0.725s] Level 1:colcon.colcon_core.environment:checking '/root/robot_ws/install/gazebo_map_creator/bin'
[0.725s] Level 1:colcon.colcon_core.environment:checking '/root/robot_ws/install/gazebo_map_creator/lib/pkgconfig/gazebo_map_creator.pc'
[0.726s] Level 1:colcon.colcon_core.environment:checking '/root/robot_ws/install/gazebo_map_creator/lib/python3.10/site-packages'
[0.726s] Level 1:colcon.colcon_core.environment:checking '/root/robot_ws/install/gazebo_map_creator/bin'
[0.727s] INFO:colcon.colcon_core.shell:Creating package script '/root/robot_ws/install/gazebo_map_creator/share/gazebo_map_creator/package.ps1'
[0.727s] INFO:colcon.colcon_core.shell:Creating package descriptor '/root/robot_ws/install/gazebo_map_creator/share/gazebo_map_creator/package.dsv'
[0.728s] INFO:colcon.colcon_core.shell:Creating package script '/root/robot_ws/install/gazebo_map_creator/share/gazebo_map_creator/package.sh'
[0.729s] INFO:colcon.colcon_core.shell:Creating package script '/root/robot_ws/install/gazebo_map_creator/share/gazebo_map_creator/package.bash'
[0.729s] INFO:colcon.colcon_core.shell:Creating package script '/root/robot_ws/install/gazebo_map_creator/share/gazebo_map_creator/package.zsh'
[0.729s] Level 1:colcon.colcon_core.environment:create_file_with_runtime_dependencies(/root/robot_ws/install/gazebo_map_creator/share/colcon-core/packages/gazebo_map_creator)
[0.730s] Level 1:colcon.colcon_core.environment:create_environment_scripts_only(gazebo_map_creator)
[0.730s] Level 1:colcon.colcon_core.environment:checking '/root/robot_ws/install/gazebo_map_creator' for CMake module files
[0.731s] Level 1:colcon.colcon_core.environment:checking '/root/robot_ws/install/gazebo_map_creator' for CMake config files
[0.731s] Level 1:colcon.colcon_core.shell:create_environment_hook('gazebo_map_creator', 'cmake_prefix_path')
[0.731s] INFO:colcon.colcon_core.shell:Creating environment hook '/root/robot_ws/install/gazebo_map_creator/share/gazebo_map_creator/hook/cmake_prefix_path.ps1'
[0.732s] INFO:colcon.colcon_core.shell:Creating environment descriptor '/root/robot_ws/install/gazebo_map_creator/share/gazebo_map_creator/hook/cmake_prefix_path.dsv'
[0.732s] INFO:colcon.colcon_core.shell:Creating environment hook '/root/robot_ws/install/gazebo_map_creator/share/gazebo_map_creator/hook/cmake_prefix_path.sh'
[0.732s] Level 1:colcon.colcon_core.environment:checking '/root/robot_ws/install/gazebo_map_creator/lib'
[0.732s] Level 1:colcon.colcon_core.shell:create_environment_hook('gazebo_map_creator', 'ld_library_path_lib')
[0.733s] INFO:colcon.colcon_core.shell:Creating environment hook '/root/robot_ws/install/gazebo_map_creator/share/gazebo_map_creator/hook/ld_library_path_lib.ps1'
[0.734s] INFO:colcon.colcon_core.shell:Creating environment descriptor '/root/robot_ws/install/gazebo_map_creator/share/gazebo_map_creator/hook/ld_library_path_lib.dsv'
[0.734s] INFO:colcon.colcon_core.shell:Creating environment hook '/root/robot_ws/install/gazebo_map_creator/share/gazebo_map_creator/hook/ld_library_path_lib.sh'
[0.734s] Level 1:colcon.colcon_core.environment:checking '/root/robot_ws/install/gazebo_map_creator/bin'
[0.735s] Level 1:colcon.colcon_core.environment:checking '/root/robot_ws/install/gazebo_map_creator/lib/pkgconfig/gazebo_map_creator.pc'
[0.735s] Level 1:colcon.colcon_core.environment:checking '/root/robot_ws/install/gazebo_map_creator/lib/python3.10/site-packages'
[0.735s] Level 1:colcon.colcon_core.environment:checking '/root/robot_ws/install/gazebo_map_creator/bin'
[0.735s] INFO:colcon.colcon_core.shell:Creating package script '/root/robot_ws/install/gazebo_map_creator/share/gazebo_map_creator/package.ps1'
[0.736s] INFO:colcon.colcon_core.shell:Creating package descriptor '/root/robot_ws/install/gazebo_map_creator/share/gazebo_map_creator/package.dsv'
[0.736s] INFO:colcon.colcon_core.shell:Creating package script '/root/robot_ws/install/gazebo_map_creator/share/gazebo_map_creator/package.sh'
[0.736s] INFO:colcon.colcon_core.shell:Creating package script '/root/robot_ws/install/gazebo_map_creator/share/gazebo_map_creator/package.bash'
[0.737s] INFO:colcon.colcon_core.shell:Creating package script '/root/robot_ws/install/gazebo_map_creator/share/gazebo_map_creator/package.zsh'
[0.737s] Level 1:colcon.colcon_core.environment:create_file_with_runtime_dependencies(/root/robot_ws/install/gazebo_map_creator/share/colcon-core/packages/gazebo_map_creator)
[0.737s] DEBUG:colcon.colcon_parallel_executor.executor.parallel:closing loop
[0.738s] DEBUG:colcon.colcon_parallel_executor.executor.parallel:loop closed
[0.738s] DEBUG:colcon.colcon_parallel_executor.executor.parallel:run_until_complete finished with '0'
[0.738s] DEBUG:colcon.colcon_core.event_reactor:joining thread
[0.754s] INFO:colcon.colcon_core.plugin_system:Skipping extension 'colcon_notification.desktop_notification.notify_send': Could not find 'notify-send'
[0.754s] INFO:colcon.colcon_core.plugin_system:Skipping extension 'colcon_notification.desktop_notification.terminal_notifier': Not used on non-Darwin systems
[0.754s] INFO:colcon.colcon_core.plugin_system:Skipping extension 'colcon_notification.desktop_notification.win32': Not used on non-Windows systems
[0.754s] INFO:colcon.colcon_notification.desktop_notification:Sending desktop notification using 'notify2'
[0.757s] DEBUG:colcon.colcon_notification.desktop_notification.notify2:Failed to initialize notify2: org.freedesktop.DBus.Error.Spawn.ExecFailed: /usr/bin/dbus-launch terminated abnormally without any error message
[0.758s] DEBUG:colcon.colcon_core.event_reactor:joined thread
[0.758s] INFO:colcon.colcon_core.shell:Creating prefix script '/root/robot_ws/install/local_setup.ps1'
[0.760s] INFO:colcon.colcon_core.shell:Creating prefix util module '/root/robot_ws/install/_local_setup_util_ps1.py'
[0.761s] INFO:colcon.colcon_core.shell:Creating prefix chain script '/root/robot_ws/install/setup.ps1'
[0.762s] INFO:colcon.colcon_core.shell:Creating prefix script '/root/robot_ws/install/local_setup.sh'
[0.762s] INFO:colcon.colcon_core.shell:Creating prefix util module '/root/robot_ws/install/_local_setup_util_sh.py'
[0.763s] INFO:colcon.colcon_core.shell:Creating prefix chain script '/root/robot_ws/install/setup.sh'
[0.764s] INFO:colcon.colcon_core.shell:Creating prefix script '/root/robot_ws/install/local_setup.bash'
[0.765s] INFO:colcon.colcon_core.shell:Creating prefix chain script '/root/robot_ws/install/setup.bash'
[0.765s] INFO:colcon.colcon_core.shell:Creating prefix script '/root/robot_ws/install/local_setup.zsh'
[0.766s] INFO:colcon.colcon_core.shell:Creating prefix chain script '/root/robot_ws/install/setup.zsh'
