[0.014s] Invoking command in '/root/robot_ws/build/gazebo_map_creator': CMAKE_PREFIX_PATH=/root/robot_ws/install/gazebo_map_creator_interface:/root/robot_ws/install/gazebo_map_creator:/opt/ros/humble LD_LIBRARY_PATH=/root/robot_ws/install/gazebo_map_creator_interface/lib:/root/robot_ws/install/gazebo_map_creator/lib:/usr/lib/x86_64-linux-gnu/gazebo-11/plugins:/opt/ros/humble/opt/rviz_ogre_vendor/lib:/opt/ros/humble/lib/x86_64-linux-gnu:/opt/ros/humble/lib /usr/bin/cmake --build /root/robot_ws/build/gazebo_map_creator -- -j16 -l16
[0.115s] [100%] Built target gazebo_map_creator
[0.124s] Invoked command in '/root/robot_ws/build/gazebo_map_creator' returned '0': CMAKE_PREFIX_PATH=/root/robot_ws/install/gazebo_map_creator_interface:/root/robot_ws/install/gazebo_map_creator:/opt/ros/humble LD_LIBRARY_PATH=/root/robot_ws/install/gazebo_map_creator_interface/lib:/root/robot_ws/install/gazebo_map_creator/lib:/usr/lib/x86_64-linux-gnu/gazebo-11/plugins:/opt/ros/humble/opt/rviz_ogre_vendor/lib:/opt/ros/humble/lib/x86_64-linux-gnu:/opt/ros/humble/lib /usr/bin/cmake --build /root/robot_ws/build/gazebo_map_creator -- -j16 -l16
[0.125s] Invoking command in '/root/robot_ws/build/gazebo_map_creator': CMAKE_PREFIX_PATH=/root/robot_ws/install/gazebo_map_creator_interface:/root/robot_ws/install/gazebo_map_creator:/opt/ros/humble LD_LIBRARY_PATH=/root/robot_ws/install/gazebo_map_creator_interface/lib:/root/robot_ws/install/gazebo_map_creator/lib:/usr/lib/x86_64-linux-gnu/gazebo-11/plugins:/opt/ros/humble/opt/rviz_ogre_vendor/lib:/opt/ros/humble/lib/x86_64-linux-gnu:/opt/ros/humble/lib /usr/bin/cmake --install /root/robot_ws/build/gazebo_map_creator
[0.133s] -- Install configuration: ""
[0.134s] -- Execute custom install script
[0.134s] -- Up-to-date symlink: /root/robot_ws/install/gazebo_map_creator/share/gazebo_map_creator/environment/library_path.sh
[0.134s] -- Up-to-date symlink: /root/robot_ws/install/gazebo_map_creator/share/gazebo_map_creator/environment/library_path.dsv
[0.135s] -- Up-to-date symlink: /root/robot_ws/install/gazebo_map_creator/share/gazebo_map_creator/scripts/request_map.py
[0.135s] -- Up-to-date symlink: /root/robot_ws/install/gazebo_map_creator/lib/libgazebo_map_creator.so
[0.135s] -- Up-to-date symlink: /root/robot_ws/install/gazebo_map_creator/lib/gazebo_map_creator/request_map.py
[0.135s] -- Up-to-date symlink: /root/robot_ws/install/gazebo_map_creator/share/ament_index/resource_index/package_run_dependencies/gazebo_map_creator
[0.136s] -- Up-to-date symlink: /root/robot_ws/install/gazebo_map_creator/share/ament_index/resource_index/parent_prefix_path/gazebo_map_creator
[0.136s] -- Up-to-date symlink: /root/robot_ws/install/gazebo_map_creator/share/gazebo_map_creator/environment/ament_prefix_path.sh
[0.136s] -- Up-to-date symlink: /root/robot_ws/install/gazebo_map_creator/share/gazebo_map_creator/environment/ament_prefix_path.dsv
[0.136s] -- Up-to-date symlink: /root/robot_ws/install/gazebo_map_creator/share/gazebo_map_creator/environment/path.sh
[0.136s] -- Up-to-date symlink: /root/robot_ws/install/gazebo_map_creator/share/gazebo_map_creator/environment/path.dsv
[0.136s] -- Up-to-date symlink: /root/robot_ws/install/gazebo_map_creator/share/gazebo_map_creator/local_setup.bash
[0.137s] -- Up-to-date symlink: /root/robot_ws/install/gazebo_map_creator/share/gazebo_map_creator/local_setup.sh
[0.137s] -- Up-to-date symlink: /root/robot_ws/install/gazebo_map_creator/share/gazebo_map_creator/local_setup.zsh
[0.137s] -- Up-to-date symlink: /root/robot_ws/install/gazebo_map_creator/share/gazebo_map_creator/local_setup.dsv
[0.137s] -- Symlinking: /root/robot_ws/install/gazebo_map_creator/share/gazebo_map_creator/package.dsv
[0.146s] -- Up-to-date symlink: /root/robot_ws/install/gazebo_map_creator/share/ament_index/resource_index/packages/gazebo_map_creator
[0.146s] -- Up-to-date symlink: /root/robot_ws/install/gazebo_map_creator/share/gazebo_map_creator/cmake/ament_cmake_export_libraries-extras.cmake
[0.146s] -- Up-to-date symlink: /root/robot_ws/install/gazebo_map_creator/share/gazebo_map_creator/cmake/ament_cmake_export_dependencies-extras.cmake
[0.146s] -- Up-to-date symlink: /root/robot_ws/install/gazebo_map_creator/share/gazebo_map_creator/cmake/gazebo_map_creatorConfig.cmake
[0.146s] -- Up-to-date symlink: /root/robot_ws/install/gazebo_map_creator/share/gazebo_map_creator/cmake/gazebo_map_creatorConfig-version.cmake
[0.146s] -- Up-to-date symlink: /root/robot_ws/install/gazebo_map_creator/share/gazebo_map_creator/package.xml
[0.148s] Invoked command in '/root/robot_ws/build/gazebo_map_creator' returned '0': CMAKE_PREFIX_PATH=/root/robot_ws/install/gazebo_map_creator_interface:/root/robot_ws/install/gazebo_map_creator:/opt/ros/humble LD_LIBRARY_PATH=/root/robot_ws/install/gazebo_map_creator_interface/lib:/root/robot_ws/install/gazebo_map_creator/lib:/usr/lib/x86_64-linux-gnu/gazebo-11/plugins:/opt/ros/humble/opt/rviz_ogre_vendor/lib:/opt/ros/humble/lib/x86_64-linux-gnu:/opt/ros/humble/lib /usr/bin/cmake --install /root/robot_ws/build/gazebo_map_creator
