[0.013s] Invoking command in '/root/robot_ws/build/gazebo_map_creator_interface': CMAKE_PREFIX_PATH=${CMAKE_PREFIX_PATH}:/opt/ros/humble /usr/bin/cmake --build /root/robot_ws/build/gazebo_map_creator_interface -- -j16 -l16
[0.060s] [  3%] Built target gazebo_map_creator_interface__cpp
[0.060s] [ 12%] Built target gazebo_map_creator_interface__rosidl_generator_c
[0.065s] [ 12%] Built target ament_cmake_python_symlink_gazebo_map_creator_interface
[0.077s] [ 22%] Built target gazebo_map_creator_interface__rosidl_typesupport_c
[0.078s] [ 32%] Built target gazebo_map_creator_interface__rosidl_typesupport_introspection_c
[0.078s] [ 41%] Built target gazebo_map_creator_interface__rosidl_typesupport_fastrtps_c
[0.079s] [ 51%] Built target gazebo_map_creator_interface__rosidl_typesupport_introspection_cpp
[0.082s] [ 61%] Built target gazebo_map_creator_interface__rosidl_typesupport_fastrtps_cpp
[0.084s] [ 70%] Built target gazebo_map_creator_interface__rosidl_typesupport_cpp
[0.100s] [ 70%] Built target gazebo_map_creator_interface
[0.121s] [ 74%] Built target gazebo_map_creator_interface__py
[0.141s] [ 80%] Built target gazebo_map_creator_interface__rosidl_generator_py
[0.160s] [ 87%] Built target gazebo_map_creator_interface__rosidl_typesupport_introspection_c__pyext
[0.160s] [ 93%] Built target gazebo_map_creator_interface__rosidl_typesupport_fastrtps_c__pyext
[0.161s] [100%] Built target gazebo_map_creator_interface__rosidl_typesupport_c__pyext
[0.230s] running egg_info
[0.230s] writing gazebo_map_creator_interface.egg-info/PKG-INFO
[0.230s] writing dependency_links to gazebo_map_creator_interface.egg-info/dependency_links.txt
[0.230s] writing top-level names to gazebo_map_creator_interface.egg-info/top_level.txt
[0.232s] reading manifest file 'gazebo_map_creator_interface.egg-info/SOURCES.txt'
[0.232s] writing manifest file 'gazebo_map_creator_interface.egg-info/SOURCES.txt'
[0.253s] [100%] Built target ament_cmake_python_build_gazebo_map_creator_interface_egg
[0.265s] Invoked command in '/root/robot_ws/build/gazebo_map_creator_interface' returned '0': CMAKE_PREFIX_PATH=${CMAKE_PREFIX_PATH}:/opt/ros/humble /usr/bin/cmake --build /root/robot_ws/build/gazebo_map_creator_interface -- -j16 -l16
[0.276s] Invoking command in '/root/robot_ws/build/gazebo_map_creator_interface': CMAKE_PREFIX_PATH=${CMAKE_PREFIX_PATH}:/opt/ros/humble /usr/bin/cmake --install /root/robot_ws/build/gazebo_map_creator_interface
[0.285s] -- Install configuration: ""
[0.286s] -- Execute custom install script
[0.286s] -- Up-to-date symlink: /root/robot_ws/install/gazebo_map_creator_interface/share/ament_index/resource_index/rosidl_interfaces/gazebo_map_creator_interface
[0.287s] -- Up-to-date symlink: /root/robot_ws/install/gazebo_map_creator_interface/include/gazebo_map_creator_interface/gazebo_map_creator_interface/msg/rosidl_generator_c__visibility_control.h
[0.287s] -- Up-to-date symlink: /root/robot_ws/install/gazebo_map_creator_interface/include/gazebo_map_creator_interface/gazebo_map_creator_interface/srv/detail/map_request__functions.h
[0.287s] -- Up-to-date symlink: /root/robot_ws/install/gazebo_map_creator_interface/include/gazebo_map_creator_interface/gazebo_map_creator_interface/srv/detail/map_request__struct.h
[0.287s] -- Up-to-date symlink: /root/robot_ws/install/gazebo_map_creator_interface/include/gazebo_map_creator_interface/gazebo_map_creator_interface/srv/detail/map_request__type_support.h
[0.287s] -- Up-to-date symlink: /root/robot_ws/install/gazebo_map_creator_interface/include/gazebo_map_creator_interface/gazebo_map_creator_interface/srv/map_request.h
[0.287s] -- Up-to-date symlink: /root/robot_ws/install/gazebo_map_creator_interface/share/gazebo_map_creator_interface/environment/library_path.sh
[0.287s] -- Up-to-date symlink: /root/robot_ws/install/gazebo_map_creator_interface/share/gazebo_map_creator_interface/environment/library_path.dsv
[0.288s] -- Up-to-date symlink: /root/robot_ws/install/gazebo_map_creator_interface/include/gazebo_map_creator_interface/gazebo_map_creator_interface/msg/rosidl_typesupport_fastrtps_c__visibility_control.h
[0.288s] -- Up-to-date symlink: /root/robot_ws/install/gazebo_map_creator_interface/include/gazebo_map_creator_interface/gazebo_map_creator_interface/srv/detail/map_request__rosidl_typesupport_fastrtps_c.h
[0.288s] -- Up-to-date symlink: /root/robot_ws/install/gazebo_map_creator_interface/include/gazebo_map_creator_interface/gazebo_map_creator_interface/msg/rosidl_generator_cpp__visibility_control.hpp
[0.288s] -- Up-to-date symlink: /root/robot_ws/install/gazebo_map_creator_interface/include/gazebo_map_creator_interface/gazebo_map_creator_interface/srv/detail/map_request__builder.hpp
[0.288s] -- Up-to-date symlink: /root/robot_ws/install/gazebo_map_creator_interface/include/gazebo_map_creator_interface/gazebo_map_creator_interface/srv/detail/map_request__struct.hpp
[0.288s] -- Up-to-date symlink: /root/robot_ws/install/gazebo_map_creator_interface/include/gazebo_map_creator_interface/gazebo_map_creator_interface/srv/detail/map_request__traits.hpp
[0.288s] -- Up-to-date symlink: /root/robot_ws/install/gazebo_map_creator_interface/include/gazebo_map_creator_interface/gazebo_map_creator_interface/srv/detail/map_request__type_support.hpp
[0.288s] -- Up-to-date symlink: /root/robot_ws/install/gazebo_map_creator_interface/include/gazebo_map_creator_interface/gazebo_map_creator_interface/srv/map_request.hpp
[0.289s] -- Up-to-date symlink: /root/robot_ws/install/gazebo_map_creator_interface/include/gazebo_map_creator_interface/gazebo_map_creator_interface/msg/rosidl_typesupport_fastrtps_cpp__visibility_control.h
[0.289s] -- Up-to-date symlink: /root/robot_ws/install/gazebo_map_creator_interface/include/gazebo_map_creator_interface/gazebo_map_creator_interface/srv/detail/map_request__rosidl_typesupport_fastrtps_cpp.hpp
[0.289s] -- Up-to-date symlink: /root/robot_ws/install/gazebo_map_creator_interface/include/gazebo_map_creator_interface/gazebo_map_creator_interface/msg/rosidl_typesupport_introspection_c__visibility_control.h
[0.289s] -- Up-to-date symlink: /root/robot_ws/install/gazebo_map_creator_interface/include/gazebo_map_creator_interface/gazebo_map_creator_interface/srv/detail/map_request__rosidl_typesupport_introspection_c.h
[0.289s] -- Up-to-date symlink: /root/robot_ws/install/gazebo_map_creator_interface/include/gazebo_map_creator_interface/gazebo_map_creator_interface/srv/detail/map_request__rosidl_typesupport_introspection_cpp.hpp
[0.289s] -- Up-to-date symlink: /root/robot_ws/install/gazebo_map_creator_interface/share/gazebo_map_creator_interface/environment/pythonpath.sh
[0.290s] -- Up-to-date symlink: /root/robot_ws/install/gazebo_map_creator_interface/share/gazebo_map_creator_interface/environment/pythonpath.dsv
[0.290s] -- Up-to-date symlink: /root/robot_ws/install/gazebo_map_creator_interface/local/lib/python3.10/dist-packages/gazebo_map_creator_interface-3.5.3-py3.10.egg-info/PKG-INFO
[0.290s] -- Up-to-date symlink: /root/robot_ws/install/gazebo_map_creator_interface/local/lib/python3.10/dist-packages/gazebo_map_creator_interface-3.5.3-py3.10.egg-info/SOURCES.txt
[0.290s] -- Up-to-date symlink: /root/robot_ws/install/gazebo_map_creator_interface/local/lib/python3.10/dist-packages/gazebo_map_creator_interface-3.5.3-py3.10.egg-info/dependency_links.txt
[0.290s] -- Up-to-date symlink: /root/robot_ws/install/gazebo_map_creator_interface/local/lib/python3.10/dist-packages/gazebo_map_creator_interface-3.5.3-py3.10.egg-info/top_level.txt
[0.291s] -- Up-to-date symlink: /root/robot_ws/install/gazebo_map_creator_interface/local/lib/python3.10/dist-packages/gazebo_map_creator_interface/__init__.py
[0.291s] -- Up-to-date symlink: /root/robot_ws/install/gazebo_map_creator_interface/local/lib/python3.10/dist-packages/gazebo_map_creator_interface/_gazebo_map_creator_interface_s.ep.rosidl_typesupport_c.c
[0.291s] -- Up-to-date symlink: /root/robot_ws/install/gazebo_map_creator_interface/local/lib/python3.10/dist-packages/gazebo_map_creator_interface/_gazebo_map_creator_interface_s.ep.rosidl_typesupport_fastrtps_c.c
[0.291s] -- Up-to-date symlink: /root/robot_ws/install/gazebo_map_creator_interface/local/lib/python3.10/dist-packages/gazebo_map_creator_interface/_gazebo_map_creator_interface_s.ep.rosidl_typesupport_introspection_c.c
[0.291s] -- Up-to-date symlink: /root/robot_ws/install/gazebo_map_creator_interface/local/lib/python3.10/dist-packages/gazebo_map_creator_interface/gazebo_map_creator_interface_s__rosidl_typesupport_c.cpython-310-x86_64-linux-gnu.so
[0.291s] -- Up-to-date symlink: /root/robot_ws/install/gazebo_map_creator_interface/local/lib/python3.10/dist-packages/gazebo_map_creator_interface/gazebo_map_creator_interface_s__rosidl_typesupport_fastrtps_c.cpython-310-x86_64-linux-gnu.so
[0.291s] -- Up-to-date symlink: /root/robot_ws/install/gazebo_map_creator_interface/local/lib/python3.10/dist-packages/gazebo_map_creator_interface/gazebo_map_creator_interface_s__rosidl_typesupport_introspection_c.cpython-310-x86_64-linux-gnu.so
[0.291s] -- Up-to-date symlink: /root/robot_ws/install/gazebo_map_creator_interface/local/lib/python3.10/dist-packages/gazebo_map_creator_interface/libgazebo_map_creator_interface__rosidl_generator_py.so
[0.291s] -- Up-to-date symlink: /root/robot_ws/install/gazebo_map_creator_interface/local/lib/python3.10/dist-packages/gazebo_map_creator_interface/srv/__init__.py
[0.291s] -- Up-to-date symlink: /root/robot_ws/install/gazebo_map_creator_interface/local/lib/python3.10/dist-packages/gazebo_map_creator_interface/srv/_map_request.py
[0.291s] -- Up-to-date symlink: /root/robot_ws/install/gazebo_map_creator_interface/local/lib/python3.10/dist-packages/gazebo_map_creator_interface/srv/_map_request_s.c
[0.292s] -- Up-to-date symlink: /root/robot_ws/install/gazebo_map_creator_interface/local/lib/python3.10/dist-packages/gazebo_map_creator_interface/gazebo_map_creator_interface_s__rosidl_typesupport_fastrtps_c.cpython-310-x86_64-linux-gnu.so
[0.292s] -- Up-to-date symlink: /root/robot_ws/install/gazebo_map_creator_interface/local/lib/python3.10/dist-packages/gazebo_map_creator_interface/gazebo_map_creator_interface_s__rosidl_typesupport_introspection_c.cpython-310-x86_64-linux-gnu.so
[0.292s] -- Up-to-date symlink: /root/robot_ws/install/gazebo_map_creator_interface/local/lib/python3.10/dist-packages/gazebo_map_creator_interface/gazebo_map_creator_interface_s__rosidl_typesupport_c.cpython-310-x86_64-linux-gnu.so
[0.292s] -- Up-to-date symlink: /root/robot_ws/install/gazebo_map_creator_interface/share/gazebo_map_creator_interface/srv/MapRequest.idl
[0.292s] -- Up-to-date symlink: /root/robot_ws/install/gazebo_map_creator_interface/share/gazebo_map_creator_interface/srv/MapRequest.srv
[0.292s] -- Up-to-date symlink: /root/robot_ws/install/gazebo_map_creator_interface/share/gazebo_map_creator_interface/srv/MapRequest_Request.msg
[0.292s] -- Up-to-date symlink: /root/robot_ws/install/gazebo_map_creator_interface/share/gazebo_map_creator_interface/srv/MapRequest_Response.msg
[0.293s] -- Up-to-date symlink: /root/robot_ws/install/gazebo_map_creator_interface/share/ament_index/resource_index/package_run_dependencies/gazebo_map_creator_interface
[0.293s] -- Up-to-date symlink: /root/robot_ws/install/gazebo_map_creator_interface/share/ament_index/resource_index/parent_prefix_path/gazebo_map_creator_interface
[0.293s] -- Up-to-date symlink: /root/robot_ws/install/gazebo_map_creator_interface/share/gazebo_map_creator_interface/environment/ament_prefix_path.sh
[0.293s] -- Up-to-date symlink: /root/robot_ws/install/gazebo_map_creator_interface/share/gazebo_map_creator_interface/environment/ament_prefix_path.dsv
[0.293s] -- Up-to-date symlink: /root/robot_ws/install/gazebo_map_creator_interface/share/gazebo_map_creator_interface/environment/path.sh
[0.293s] -- Up-to-date symlink: /root/robot_ws/install/gazebo_map_creator_interface/share/gazebo_map_creator_interface/environment/path.dsv
[0.293s] -- Up-to-date symlink: /root/robot_ws/install/gazebo_map_creator_interface/share/gazebo_map_creator_interface/local_setup.bash
[0.293s] -- Up-to-date symlink: /root/robot_ws/install/gazebo_map_creator_interface/share/gazebo_map_creator_interface/local_setup.sh
[0.293s] -- Up-to-date symlink: /root/robot_ws/install/gazebo_map_creator_interface/share/gazebo_map_creator_interface/local_setup.zsh
[0.294s] -- Up-to-date symlink: /root/robot_ws/install/gazebo_map_creator_interface/share/gazebo_map_creator_interface/local_setup.dsv
[0.294s] -- Symlinking: /root/robot_ws/install/gazebo_map_creator_interface/share/gazebo_map_creator_interface/package.dsv
[0.300s] -- Up-to-date symlink: /root/robot_ws/install/gazebo_map_creator_interface/share/ament_index/resource_index/packages/gazebo_map_creator_interface
[0.300s] -- Up-to-date symlink: /root/robot_ws/install/gazebo_map_creator_interface/share/gazebo_map_creator_interface/cmake/rosidl_cmake-extras.cmake
[0.301s] -- Up-to-date symlink: /root/robot_ws/install/gazebo_map_creator_interface/share/gazebo_map_creator_interface/cmake/ament_cmake_export_dependencies-extras.cmake
[0.301s] -- Up-to-date symlink: /root/robot_ws/install/gazebo_map_creator_interface/share/gazebo_map_creator_interface/cmake/ament_cmake_export_include_directories-extras.cmake
[0.301s] -- Up-to-date symlink: /root/robot_ws/install/gazebo_map_creator_interface/share/gazebo_map_creator_interface/cmake/ament_cmake_export_libraries-extras.cmake
[0.301s] -- Up-to-date symlink: /root/robot_ws/install/gazebo_map_creator_interface/share/gazebo_map_creator_interface/cmake/ament_cmake_export_targets-extras.cmake
[0.301s] -- Up-to-date symlink: /root/robot_ws/install/gazebo_map_creator_interface/share/gazebo_map_creator_interface/cmake/rosidl_cmake_export_typesupport_targets-extras.cmake
[0.301s] -- Up-to-date symlink: /root/robot_ws/install/gazebo_map_creator_interface/share/gazebo_map_creator_interface/cmake/rosidl_cmake_export_typesupport_libraries-extras.cmake
[0.301s] -- Up-to-date symlink: /root/robot_ws/install/gazebo_map_creator_interface/share/gazebo_map_creator_interface/cmake/gazebo_map_creator_interfaceConfig.cmake
[0.301s] -- Up-to-date symlink: /root/robot_ws/install/gazebo_map_creator_interface/share/gazebo_map_creator_interface/cmake/gazebo_map_creator_interfaceConfig-version.cmake
[0.301s] -- Up-to-date symlink: /root/robot_ws/install/gazebo_map_creator_interface/share/gazebo_map_creator_interface/package.xml
[0.302s] -- Up-to-date: /root/robot_ws/install/gazebo_map_creator_interface/lib/libgazebo_map_creator_interface__rosidl_generator_c.so
[0.302s] -- Up-to-date: /root/robot_ws/install/gazebo_map_creator_interface/lib/libgazebo_map_creator_interface__rosidl_typesupport_fastrtps_c.so
[0.302s] -- Up-to-date: /root/robot_ws/install/gazebo_map_creator_interface/lib/libgazebo_map_creator_interface__rosidl_typesupport_fastrtps_cpp.so
[0.303s] -- Up-to-date: /root/robot_ws/install/gazebo_map_creator_interface/lib/libgazebo_map_creator_interface__rosidl_typesupport_introspection_c.so
[0.303s] -- Up-to-date: /root/robot_ws/install/gazebo_map_creator_interface/lib/libgazebo_map_creator_interface__rosidl_typesupport_c.so
[0.303s] -- Up-to-date: /root/robot_ws/install/gazebo_map_creator_interface/lib/libgazebo_map_creator_interface__rosidl_typesupport_introspection_cpp.so
[0.303s] -- Up-to-date: /root/robot_ws/install/gazebo_map_creator_interface/lib/libgazebo_map_creator_interface__rosidl_typesupport_cpp.so
[0.333s] Listing '/root/robot_ws/install/gazebo_map_creator_interface/local/lib/python3.10/dist-packages/gazebo_map_creator_interface'...
[0.333s] Listing '/root/robot_ws/install/gazebo_map_creator_interface/local/lib/python3.10/dist-packages/gazebo_map_creator_interface/srv'...
[0.336s] -- Up-to-date: /root/robot_ws/install/gazebo_map_creator_interface/lib/libgazebo_map_creator_interface__rosidl_generator_py.so
[0.336s] -- Up-to-date: /root/robot_ws/install/gazebo_map_creator_interface/share/gazebo_map_creator_interface/cmake/export_gazebo_map_creator_interface__rosidl_generator_cExport.cmake
[0.336s] -- Up-to-date: /root/robot_ws/install/gazebo_map_creator_interface/share/gazebo_map_creator_interface/cmake/export_gazebo_map_creator_interface__rosidl_generator_cExport-noconfig.cmake
[0.336s] -- Up-to-date: /root/robot_ws/install/gazebo_map_creator_interface/share/gazebo_map_creator_interface/cmake/export_gazebo_map_creator_interface__rosidl_typesupport_fastrtps_cExport.cmake
[0.336s] -- Up-to-date: /root/robot_ws/install/gazebo_map_creator_interface/share/gazebo_map_creator_interface/cmake/export_gazebo_map_creator_interface__rosidl_typesupport_fastrtps_cExport-noconfig.cmake
[0.336s] -- Up-to-date: /root/robot_ws/install/gazebo_map_creator_interface/share/gazebo_map_creator_interface/cmake/export_gazebo_map_creator_interface__rosidl_generator_cppExport.cmake
[0.336s] -- Up-to-date: /root/robot_ws/install/gazebo_map_creator_interface/share/gazebo_map_creator_interface/cmake/export_gazebo_map_creator_interface__rosidl_typesupport_fastrtps_cppExport.cmake
[0.337s] -- Up-to-date: /root/robot_ws/install/gazebo_map_creator_interface/share/gazebo_map_creator_interface/cmake/export_gazebo_map_creator_interface__rosidl_typesupport_fastrtps_cppExport-noconfig.cmake
[0.337s] -- Up-to-date: /root/robot_ws/install/gazebo_map_creator_interface/share/gazebo_map_creator_interface/cmake/gazebo_map_creator_interface__rosidl_typesupport_introspection_cExport.cmake
[0.337s] -- Up-to-date: /root/robot_ws/install/gazebo_map_creator_interface/share/gazebo_map_creator_interface/cmake/gazebo_map_creator_interface__rosidl_typesupport_introspection_cExport-noconfig.cmake
[0.337s] -- Up-to-date: /root/robot_ws/install/gazebo_map_creator_interface/share/gazebo_map_creator_interface/cmake/gazebo_map_creator_interface__rosidl_typesupport_cExport.cmake
[0.337s] -- Up-to-date: /root/robot_ws/install/gazebo_map_creator_interface/share/gazebo_map_creator_interface/cmake/gazebo_map_creator_interface__rosidl_typesupport_cExport-noconfig.cmake
[0.337s] -- Up-to-date: /root/robot_ws/install/gazebo_map_creator_interface/share/gazebo_map_creator_interface/cmake/gazebo_map_creator_interface__rosidl_typesupport_introspection_cppExport.cmake
[0.337s] -- Up-to-date: /root/robot_ws/install/gazebo_map_creator_interface/share/gazebo_map_creator_interface/cmake/gazebo_map_creator_interface__rosidl_typesupport_introspection_cppExport-noconfig.cmake
[0.337s] -- Up-to-date: /root/robot_ws/install/gazebo_map_creator_interface/share/gazebo_map_creator_interface/cmake/gazebo_map_creator_interface__rosidl_typesupport_cppExport.cmake
[0.337s] -- Up-to-date: /root/robot_ws/install/gazebo_map_creator_interface/share/gazebo_map_creator_interface/cmake/gazebo_map_creator_interface__rosidl_typesupport_cppExport-noconfig.cmake
[0.337s] -- Up-to-date: /root/robot_ws/install/gazebo_map_creator_interface/share/gazebo_map_creator_interface/cmake/export_gazebo_map_creator_interface__rosidl_generator_pyExport.cmake
[0.337s] -- Up-to-date: /root/robot_ws/install/gazebo_map_creator_interface/share/gazebo_map_creator_interface/cmake/export_gazebo_map_creator_interface__rosidl_generator_pyExport-noconfig.cmake
[0.340s] Invoked command in '/root/robot_ws/build/gazebo_map_creator_interface' returned '0': CMAKE_PREFIX_PATH=${CMAKE_PREFIX_PATH}:/opt/ros/humble /usr/bin/cmake --install /root/robot_ws/build/gazebo_map_creator_interface
