[0.079s] DEBUG:colcon:Command line arguments: ['/usr/bin/colcon', 'build', '--symlink-install']
[0.079s] DEBUG:colcon:Parsed command line arguments: Namespace(log_base=None, log_level=None, verb_name='build', build_base='build', install_base='install', merge_install=False, symlink_install=True, test_result_base=None, continue_on_error=False, executor='parallel', parallel_workers=16, event_handlers=None, ignore_user_meta=False, metas=['./colcon.meta'], base_paths=['.'], packages_ignore=None, packages_ignore_regex=None, paths=None, packages_up_to=None, packages_up_to_regex=None, packages_above=None, packages_above_and_dependencies=None, packages_above_depth=None, packages_select_by_dep=None, packages_skip_by_dep=None, packages_skip_up_to=None, packages_select_build_failed=False, packages_skip_build_finished=False, packages_select_test_failures=False, packages_skip_test_passed=False, packages_select=None, packages_skip=None, packages_select_regex=None, packages_skip_regex=None, packages_start=None, packages_end=None, cmake_args=None, cmake_target=None, cmake_target_skip_unavailable=False, cmake_clean_cache=False, cmake_clean_first=False, cmake_force_configure=False, ament_cmake_args=None, catkin_cmake_args=None, catkin_skip_building_tests=False, mixin_files=None, mixin=None, verb_parser=<colcon_mixin.mixin.mixin_argument.MixinArgumentDecorator object at 0x7f4b314af460>, verb_extension=<colcon_core.verb.build.BuildVerb object at 0x7f4b314aeaa0>, main=<bound method BuildVerb.main of <colcon_core.verb.build.BuildVerb object at 0x7f4b314aeaa0>>, mixin_verb=('build',))
[0.176s] Level 1:colcon.colcon_core.package_discovery:discover_packages(colcon_meta) check parameters
[0.177s] INFO:colcon.colcon_metadata.package_discovery.colcon_meta:Using configuration from '/root/.colcon/metadata/default/Gazebo.meta'
[0.177s] INFO:colcon.colcon_metadata.package_discovery.colcon_meta:Using configuration from '/root/.colcon/metadata/default/fastrtps.meta'
[0.177s] Level 1:colcon.colcon_core.package_discovery:discover_packages(recursive) check parameters
[0.177s] Level 1:colcon.colcon_core.package_discovery:discover_packages(ignore) check parameters
[0.177s] Level 1:colcon.colcon_core.package_discovery:discover_packages(path) check parameters
[0.177s] Level 1:colcon.colcon_core.package_discovery:discover_packages(colcon_meta) discover
[0.177s] Level 1:colcon.colcon_core.package_discovery:discover_packages(recursive) discover
[0.177s] INFO:colcon.colcon_core.package_discovery:Crawling recursively for packages in '/root/robot_ws'
[0.177s] Level 1:colcon.colcon_core.package_identification:_identify(.) by extensions ['ignore', 'ignore_ament_install']
[0.177s] Level 1:colcon.colcon_core.package_identification:_identify(.) by extension 'ignore'
[0.177s] Level 1:colcon.colcon_core.package_identification:_identify(.) by extension 'ignore_ament_install'
[0.177s] Level 1:colcon.colcon_core.package_identification:_identify(.) by extensions ['colcon_pkg']
[0.177s] Level 1:colcon.colcon_core.package_identification:_identify(.) by extension 'colcon_pkg'
[0.177s] Level 1:colcon.colcon_core.package_identification:_identify(.) by extensions ['colcon_meta']
[0.177s] Level 1:colcon.colcon_core.package_identification:_identify(.) by extension 'colcon_meta'
[0.177s] Level 1:colcon.colcon_core.package_identification:_identify(.) by extensions ['ros']
[0.177s] Level 1:colcon.colcon_core.package_identification:_identify(.) by extension 'ros'
[0.185s] Level 1:colcon.colcon_core.package_identification:_identify(.) by extensions ['cmake', 'python']
[0.185s] Level 1:colcon.colcon_core.package_identification:_identify(.) by extension 'cmake'
[0.185s] Level 1:colcon.colcon_core.package_identification:_identify(.) by extension 'python'
[0.185s] Level 1:colcon.colcon_core.package_identification:_identify(.) by extensions ['python_setup_py']
[0.185s] Level 1:colcon.colcon_core.package_identification:_identify(.) by extension 'python_setup_py'
[0.185s] Level 1:colcon.colcon_core.package_identification:_identify(build) by extensions ['ignore', 'ignore_ament_install']
[0.185s] Level 1:colcon.colcon_core.package_identification:_identify(build) by extension 'ignore'
[0.185s] Level 1:colcon.colcon_core.package_identification:_identify(build) ignored
[0.185s] Level 1:colcon.colcon_core.package_identification:_identify(install) by extensions ['ignore', 'ignore_ament_install']
[0.185s] Level 1:colcon.colcon_core.package_identification:_identify(install) by extension 'ignore'
[0.185s] Level 1:colcon.colcon_core.package_identification:_identify(install) ignored
[0.185s] Level 1:colcon.colcon_core.package_identification:_identify(log) by extensions ['ignore', 'ignore_ament_install']
[0.185s] Level 1:colcon.colcon_core.package_identification:_identify(log) by extension 'ignore'
[0.185s] Level 1:colcon.colcon_core.package_identification:_identify(log) ignored
[0.185s] Level 1:colcon.colcon_core.package_identification:_identify(src) by extensions ['ignore', 'ignore_ament_install']
[0.185s] Level 1:colcon.colcon_core.package_identification:_identify(src) by extension 'ignore'
[0.185s] Level 1:colcon.colcon_core.package_identification:_identify(src) by extension 'ignore_ament_install'
[0.185s] Level 1:colcon.colcon_core.package_identification:_identify(src) by extensions ['colcon_pkg']
[0.185s] Level 1:colcon.colcon_core.package_identification:_identify(src) by extension 'colcon_pkg'
[0.185s] Level 1:colcon.colcon_core.package_identification:_identify(src) by extensions ['colcon_meta']
[0.185s] Level 1:colcon.colcon_core.package_identification:_identify(src) by extension 'colcon_meta'
[0.185s] Level 1:colcon.colcon_core.package_identification:_identify(src) by extensions ['ros']
[0.186s] Level 1:colcon.colcon_core.package_identification:_identify(src) by extension 'ros'
[0.186s] Level 1:colcon.colcon_core.package_identification:_identify(src) by extensions ['cmake', 'python']
[0.186s] Level 1:colcon.colcon_core.package_identification:_identify(src) by extension 'cmake'
[0.186s] Level 1:colcon.colcon_core.package_identification:_identify(src) by extension 'python'
[0.186s] Level 1:colcon.colcon_core.package_identification:_identify(src) by extensions ['python_setup_py']
[0.186s] Level 1:colcon.colcon_core.package_identification:_identify(src) by extension 'python_setup_py'
[0.186s] Level 1:colcon.colcon_core.package_identification:_identify(src/gazebo_map_creator) by extensions ['ignore', 'ignore_ament_install']
[0.186s] Level 1:colcon.colcon_core.package_identification:_identify(src/gazebo_map_creator) by extension 'ignore'
[0.186s] Level 1:colcon.colcon_core.package_identification:_identify(src/gazebo_map_creator) by extension 'ignore_ament_install'
[0.186s] Level 1:colcon.colcon_core.package_identification:_identify(src/gazebo_map_creator) by extensions ['colcon_pkg']
[0.186s] Level 1:colcon.colcon_core.package_identification:_identify(src/gazebo_map_creator) by extension 'colcon_pkg'
[0.186s] Level 1:colcon.colcon_core.package_identification:_identify(src/gazebo_map_creator) by extensions ['colcon_meta']
[0.186s] Level 1:colcon.colcon_core.package_identification:_identify(src/gazebo_map_creator) by extension 'colcon_meta'
[0.186s] Level 1:colcon.colcon_core.package_identification:_identify(src/gazebo_map_creator) by extensions ['ros']
[0.186s] Level 1:colcon.colcon_core.package_identification:_identify(src/gazebo_map_creator) by extension 'ros'
[0.186s] Level 1:colcon.colcon_core.package_identification:_identify(src/gazebo_map_creator) by extensions ['cmake', 'python']
[0.186s] Level 1:colcon.colcon_core.package_identification:_identify(src/gazebo_map_creator) by extension 'cmake'
[0.186s] Level 1:colcon.colcon_core.package_identification:_identify(src/gazebo_map_creator) by extension 'python'
[0.186s] Level 1:colcon.colcon_core.package_identification:_identify(src/gazebo_map_creator) by extensions ['python_setup_py']
[0.186s] Level 1:colcon.colcon_core.package_identification:_identify(src/gazebo_map_creator) by extension 'python_setup_py'
[0.186s] Level 1:colcon.colcon_core.package_identification:_identify(src/gazebo_map_creator/gazebo_map_creator) by extensions ['ignore', 'ignore_ament_install']
[0.186s] Level 1:colcon.colcon_core.package_identification:_identify(src/gazebo_map_creator/gazebo_map_creator) by extension 'ignore'
[0.186s] Level 1:colcon.colcon_core.package_identification:_identify(src/gazebo_map_creator/gazebo_map_creator) by extension 'ignore_ament_install'
[0.186s] Level 1:colcon.colcon_core.package_identification:_identify(src/gazebo_map_creator/gazebo_map_creator) by extensions ['colcon_pkg']
[0.186s] Level 1:colcon.colcon_core.package_identification:_identify(src/gazebo_map_creator/gazebo_map_creator) by extension 'colcon_pkg'
[0.186s] Level 1:colcon.colcon_core.package_identification:_identify(src/gazebo_map_creator/gazebo_map_creator) by extensions ['colcon_meta']
[0.186s] Level 1:colcon.colcon_core.package_identification:_identify(src/gazebo_map_creator/gazebo_map_creator) by extension 'colcon_meta'
[0.186s] Level 1:colcon.colcon_core.package_identification:_identify(src/gazebo_map_creator/gazebo_map_creator) by extensions ['ros']
[0.186s] Level 1:colcon.colcon_core.package_identification:_identify(src/gazebo_map_creator/gazebo_map_creator) by extension 'ros'
[0.188s] DEBUG:colcon.colcon_core.package_identification:Package 'src/gazebo_map_creator/gazebo_map_creator' with type 'ros.ament_cmake' and name 'gazebo_map_creator'
[0.188s] Level 1:colcon.colcon_core.package_identification:_identify(src/gazebo_map_creator/gazebo_map_creator_ign) by extensions ['ignore', 'ignore_ament_install']
[0.188s] Level 1:colcon.colcon_core.package_identification:_identify(src/gazebo_map_creator/gazebo_map_creator_ign) by extension 'ignore'
[0.188s] Level 1:colcon.colcon_core.package_identification:_identify(src/gazebo_map_creator/gazebo_map_creator_ign) ignored
[0.188s] Level 1:colcon.colcon_core.package_identification:_identify(src/gazebo_map_creator/gazebo_map_creator_interface) by extensions ['ignore', 'ignore_ament_install']
[0.188s] Level 1:colcon.colcon_core.package_identification:_identify(src/gazebo_map_creator/gazebo_map_creator_interface) by extension 'ignore'
[0.188s] Level 1:colcon.colcon_core.package_identification:_identify(src/gazebo_map_creator/gazebo_map_creator_interface) by extension 'ignore_ament_install'
[0.188s] Level 1:colcon.colcon_core.package_identification:_identify(src/gazebo_map_creator/gazebo_map_creator_interface) by extensions ['colcon_pkg']
[0.189s] Level 1:colcon.colcon_core.package_identification:_identify(src/gazebo_map_creator/gazebo_map_creator_interface) by extension 'colcon_pkg'
[0.189s] Level 1:colcon.colcon_core.package_identification:_identify(src/gazebo_map_creator/gazebo_map_creator_interface) by extensions ['colcon_meta']
[0.189s] Level 1:colcon.colcon_core.package_identification:_identify(src/gazebo_map_creator/gazebo_map_creator_interface) by extension 'colcon_meta'
[0.189s] Level 1:colcon.colcon_core.package_identification:_identify(src/gazebo_map_creator/gazebo_map_creator_interface) by extensions ['ros']
[0.189s] Level 1:colcon.colcon_core.package_identification:_identify(src/gazebo_map_creator/gazebo_map_creator_interface) by extension 'ros'
[0.189s] DEBUG:colcon.colcon_core.package_identification:Package 'src/gazebo_map_creator/gazebo_map_creator_interface' with type 'ros.ament_cmake' and name 'gazebo_map_creator_interface'
[0.189s] Level 1:colcon.colcon_core.package_discovery:discover_packages(recursive) using defaults
[0.189s] Level 1:colcon.colcon_core.package_discovery:discover_packages(ignore) discover
[0.189s] Level 1:colcon.colcon_core.package_discovery:discover_packages(ignore) using defaults
[0.189s] Level 1:colcon.colcon_core.package_discovery:discover_packages(path) discover
[0.189s] Level 1:colcon.colcon_core.package_discovery:discover_packages(path) using defaults
[0.201s] Level 5:colcon.colcon_core.verb:set package 'gazebo_map_creator_interface' build argument 'cmake_args' from command line to 'None'
[0.202s] Level 5:colcon.colcon_core.verb:set package 'gazebo_map_creator_interface' build argument 'cmake_target' from command line to 'None'
[0.202s] Level 5:colcon.colcon_core.verb:set package 'gazebo_map_creator_interface' build argument 'cmake_target_skip_unavailable' from command line to 'False'
[0.202s] Level 5:colcon.colcon_core.verb:set package 'gazebo_map_creator_interface' build argument 'cmake_clean_cache' from command line to 'False'
[0.202s] Level 5:colcon.colcon_core.verb:set package 'gazebo_map_creator_interface' build argument 'cmake_clean_first' from command line to 'False'
[0.202s] Level 5:colcon.colcon_core.verb:set package 'gazebo_map_creator_interface' build argument 'cmake_force_configure' from command line to 'False'
[0.202s] Level 5:colcon.colcon_core.verb:set package 'gazebo_map_creator_interface' build argument 'ament_cmake_args' from command line to 'None'
[0.202s] Level 5:colcon.colcon_core.verb:set package 'gazebo_map_creator_interface' build argument 'catkin_cmake_args' from command line to 'None'
[0.202s] Level 5:colcon.colcon_core.verb:set package 'gazebo_map_creator_interface' build argument 'catkin_skip_building_tests' from command line to 'False'
[0.202s] DEBUG:colcon.colcon_core.verb:Building package 'gazebo_map_creator_interface' with the following arguments: {'ament_cmake_args': None, 'build_base': '/root/robot_ws/build/gazebo_map_creator_interface', 'catkin_cmake_args': None, 'catkin_skip_building_tests': False, 'cmake_args': None, 'cmake_clean_cache': False, 'cmake_clean_first': False, 'cmake_force_configure': False, 'cmake_target': None, 'cmake_target_skip_unavailable': False, 'install_base': '/root/robot_ws/install/gazebo_map_creator_interface', 'merge_install': False, 'path': '/root/robot_ws/src/gazebo_map_creator/gazebo_map_creator_interface', 'symlink_install': True, 'test_result_base': None}
[0.202s] Level 5:colcon.colcon_core.verb:set package 'gazebo_map_creator' build argument 'cmake_args' from command line to 'None'
[0.202s] Level 5:colcon.colcon_core.verb:set package 'gazebo_map_creator' build argument 'cmake_target' from command line to 'None'
[0.202s] Level 5:colcon.colcon_core.verb:set package 'gazebo_map_creator' build argument 'cmake_target_skip_unavailable' from command line to 'False'
[0.202s] Level 5:colcon.colcon_core.verb:set package 'gazebo_map_creator' build argument 'cmake_clean_cache' from command line to 'False'
[0.202s] Level 5:colcon.colcon_core.verb:set package 'gazebo_map_creator' build argument 'cmake_clean_first' from command line to 'False'
[0.202s] Level 5:colcon.colcon_core.verb:set package 'gazebo_map_creator' build argument 'cmake_force_configure' from command line to 'False'
[0.202s] Level 5:colcon.colcon_core.verb:set package 'gazebo_map_creator' build argument 'ament_cmake_args' from command line to 'None'
[0.202s] Level 5:colcon.colcon_core.verb:set package 'gazebo_map_creator' build argument 'catkin_cmake_args' from command line to 'None'
[0.202s] Level 5:colcon.colcon_core.verb:set package 'gazebo_map_creator' build argument 'catkin_skip_building_tests' from command line to 'False'
[0.202s] DEBUG:colcon.colcon_core.verb:Building package 'gazebo_map_creator' with the following arguments: {'ament_cmake_args': None, 'build_base': '/root/robot_ws/build/gazebo_map_creator', 'catkin_cmake_args': None, 'catkin_skip_building_tests': False, 'cmake_args': None, 'cmake_clean_cache': False, 'cmake_clean_first': False, 'cmake_force_configure': False, 'cmake_target': None, 'cmake_target_skip_unavailable': False, 'install_base': '/root/robot_ws/install/gazebo_map_creator', 'merge_install': False, 'path': '/root/robot_ws/src/gazebo_map_creator/gazebo_map_creator', 'symlink_install': True, 'test_result_base': None}
[0.202s] INFO:colcon.colcon_core.executor:Executing jobs using 'parallel' executor
[0.203s] DEBUG:colcon.colcon_parallel_executor.executor.parallel:run_until_complete
[0.203s] INFO:colcon.colcon_ros.task.ament_cmake.build:Building ROS package in '/root/robot_ws/src/gazebo_map_creator/gazebo_map_creator_interface' with build type 'ament_cmake'
[0.203s] INFO:colcon.colcon_cmake.task.cmake.build:Building CMake package in '/root/robot_ws/src/gazebo_map_creator/gazebo_map_creator_interface'
[0.204s] INFO:colcon.colcon_core.plugin_system:Skipping extension 'colcon_core.shell.bat': Not used on non-Windows systems
[0.205s] INFO:colcon.colcon_core.shell:Skip shell extension 'powershell' for command environment: Not usable outside of PowerShell
[0.205s] DEBUG:colcon.colcon_core.shell:Skip shell extension 'dsv' for command environment
[0.211s] DEBUG:colcon.colcon_core.event_handler.log_command:Invoking command in '/root/robot_ws/build/gazebo_map_creator_interface': CMAKE_PREFIX_PATH=/opt/ros/humble /usr/bin/cmake /root/robot_ws/src/gazebo_map_creator/gazebo_map_creator_interface -DAMENT_CMAKE_SYMLINK_INSTALL=1 -DCMAKE_INSTALL_PREFIX=/root/robot_ws/install/gazebo_map_creator_interface
[1.691s] DEBUG:colcon.colcon_core.event_handler.log_command:Invoked command in '/root/robot_ws/build/gazebo_map_creator_interface' returned '0': CMAKE_PREFIX_PATH=/opt/ros/humble /usr/bin/cmake /root/robot_ws/src/gazebo_map_creator/gazebo_map_creator_interface -DAMENT_CMAKE_SYMLINK_INSTALL=1 -DCMAKE_INSTALL_PREFIX=/root/robot_ws/install/gazebo_map_creator_interface
[1.693s] DEBUG:colcon.colcon_core.event_handler.log_command:Invoking command in '/root/robot_ws/build/gazebo_map_creator_interface': CMAKE_PREFIX_PATH=/opt/ros/humble /usr/bin/cmake --build /root/robot_ws/build/gazebo_map_creator_interface -- -j16 -l16
[3.351s] DEBUG:colcon.colcon_core.event_handler.log_command:Invoked command in '/root/robot_ws/build/gazebo_map_creator_interface' returned '0': CMAKE_PREFIX_PATH=/opt/ros/humble /usr/bin/cmake --build /root/robot_ws/build/gazebo_map_creator_interface -- -j16 -l16
[3.360s] DEBUG:colcon.colcon_core.event_handler.log_command:Invoking command in '/root/robot_ws/build/gazebo_map_creator_interface': CMAKE_PREFIX_PATH=/opt/ros/humble /usr/bin/cmake --install /root/robot_ws/build/gazebo_map_creator_interface
[3.912s] Level 1:colcon.colcon_core.environment:create_environment_scripts_only(gazebo_map_creator_interface)
[3.913s] DEBUG:colcon.colcon_core.event_handler.log_command:Invoked command in '/root/robot_ws/build/gazebo_map_creator_interface' returned '0': CMAKE_PREFIX_PATH=/opt/ros/humble /usr/bin/cmake --install /root/robot_ws/build/gazebo_map_creator_interface
[3.915s] Level 1:colcon.colcon_core.environment:checking '/root/robot_ws/install/gazebo_map_creator_interface' for CMake module files
[3.916s] Level 1:colcon.colcon_core.environment:checking '/root/robot_ws/install/gazebo_map_creator_interface' for CMake config files
[3.917s] Level 1:colcon.colcon_core.shell:create_environment_hook('gazebo_map_creator_interface', 'cmake_prefix_path')
[3.917s] INFO:colcon.colcon_core.shell:Creating environment hook '/root/robot_ws/install/gazebo_map_creator_interface/share/gazebo_map_creator_interface/hook/cmake_prefix_path.ps1'
[3.918s] INFO:colcon.colcon_core.shell:Creating environment descriptor '/root/robot_ws/install/gazebo_map_creator_interface/share/gazebo_map_creator_interface/hook/cmake_prefix_path.dsv'
[3.918s] INFO:colcon.colcon_core.shell:Creating environment hook '/root/robot_ws/install/gazebo_map_creator_interface/share/gazebo_map_creator_interface/hook/cmake_prefix_path.sh'
[3.919s] Level 1:colcon.colcon_core.environment:checking '/root/robot_ws/install/gazebo_map_creator_interface/lib'
[3.919s] Level 1:colcon.colcon_core.shell:create_environment_hook('gazebo_map_creator_interface', 'ld_library_path_lib')
[3.919s] INFO:colcon.colcon_core.shell:Creating environment hook '/root/robot_ws/install/gazebo_map_creator_interface/share/gazebo_map_creator_interface/hook/ld_library_path_lib.ps1'
[3.920s] INFO:colcon.colcon_core.shell:Creating environment descriptor '/root/robot_ws/install/gazebo_map_creator_interface/share/gazebo_map_creator_interface/hook/ld_library_path_lib.dsv'
[3.920s] INFO:colcon.colcon_core.shell:Creating environment hook '/root/robot_ws/install/gazebo_map_creator_interface/share/gazebo_map_creator_interface/hook/ld_library_path_lib.sh'
[3.921s] Level 1:colcon.colcon_core.environment:checking '/root/robot_ws/install/gazebo_map_creator_interface/bin'
[3.921s] Level 1:colcon.colcon_core.environment:checking '/root/robot_ws/install/gazebo_map_creator_interface/lib/pkgconfig/gazebo_map_creator_interface.pc'
[3.922s] Level 1:colcon.colcon_core.environment:checking '/root/robot_ws/install/gazebo_map_creator_interface/lib/python3.10/site-packages'
[3.923s] Level 1:colcon.colcon_core.environment:checking '/root/robot_ws/install/gazebo_map_creator_interface/bin'
[3.923s] INFO:colcon.colcon_core.shell:Creating package script '/root/robot_ws/install/gazebo_map_creator_interface/share/gazebo_map_creator_interface/package.ps1'
[3.923s] INFO:colcon.colcon_core.shell:Creating package descriptor '/root/robot_ws/install/gazebo_map_creator_interface/share/gazebo_map_creator_interface/package.dsv'
[3.924s] INFO:colcon.colcon_core.shell:Creating package script '/root/robot_ws/install/gazebo_map_creator_interface/share/gazebo_map_creator_interface/package.sh'
[3.925s] INFO:colcon.colcon_core.shell:Creating package script '/root/robot_ws/install/gazebo_map_creator_interface/share/gazebo_map_creator_interface/package.bash'
[3.925s] INFO:colcon.colcon_core.shell:Creating package script '/root/robot_ws/install/gazebo_map_creator_interface/share/gazebo_map_creator_interface/package.zsh'
[3.926s] Level 1:colcon.colcon_core.environment:create_file_with_runtime_dependencies(/root/robot_ws/install/gazebo_map_creator_interface/share/colcon-core/packages/gazebo_map_creator_interface)
[3.926s] Level 1:colcon.colcon_core.environment:create_environment_scripts_only(gazebo_map_creator_interface)
[3.926s] Level 1:colcon.colcon_core.environment:checking '/root/robot_ws/install/gazebo_map_creator_interface' for CMake module files
[3.927s] Level 1:colcon.colcon_core.environment:checking '/root/robot_ws/install/gazebo_map_creator_interface' for CMake config files
[3.927s] Level 1:colcon.colcon_core.shell:create_environment_hook('gazebo_map_creator_interface', 'cmake_prefix_path')
[3.927s] INFO:colcon.colcon_core.shell:Creating environment hook '/root/robot_ws/install/gazebo_map_creator_interface/share/gazebo_map_creator_interface/hook/cmake_prefix_path.ps1'
[3.927s] INFO:colcon.colcon_core.shell:Creating environment descriptor '/root/robot_ws/install/gazebo_map_creator_interface/share/gazebo_map_creator_interface/hook/cmake_prefix_path.dsv'
[3.928s] INFO:colcon.colcon_core.shell:Creating environment hook '/root/robot_ws/install/gazebo_map_creator_interface/share/gazebo_map_creator_interface/hook/cmake_prefix_path.sh'
[3.928s] Level 1:colcon.colcon_core.environment:checking '/root/robot_ws/install/gazebo_map_creator_interface/lib'
[3.928s] Level 1:colcon.colcon_core.shell:create_environment_hook('gazebo_map_creator_interface', 'ld_library_path_lib')
[3.928s] INFO:colcon.colcon_core.shell:Creating environment hook '/root/robot_ws/install/gazebo_map_creator_interface/share/gazebo_map_creator_interface/hook/ld_library_path_lib.ps1'
[3.928s] INFO:colcon.colcon_core.shell:Creating environment descriptor '/root/robot_ws/install/gazebo_map_creator_interface/share/gazebo_map_creator_interface/hook/ld_library_path_lib.dsv'
[3.929s] INFO:colcon.colcon_core.shell:Creating environment hook '/root/robot_ws/install/gazebo_map_creator_interface/share/gazebo_map_creator_interface/hook/ld_library_path_lib.sh'
[3.929s] Level 1:colcon.colcon_core.environment:checking '/root/robot_ws/install/gazebo_map_creator_interface/bin'
[3.929s] Level 1:colcon.colcon_core.environment:checking '/root/robot_ws/install/gazebo_map_creator_interface/lib/pkgconfig/gazebo_map_creator_interface.pc'
[3.929s] Level 1:colcon.colcon_core.environment:checking '/root/robot_ws/install/gazebo_map_creator_interface/lib/python3.10/site-packages'
[3.929s] Level 1:colcon.colcon_core.environment:checking '/root/robot_ws/install/gazebo_map_creator_interface/bin'
[3.929s] INFO:colcon.colcon_core.shell:Creating package script '/root/robot_ws/install/gazebo_map_creator_interface/share/gazebo_map_creator_interface/package.ps1'
[3.930s] INFO:colcon.colcon_core.shell:Creating package descriptor '/root/robot_ws/install/gazebo_map_creator_interface/share/gazebo_map_creator_interface/package.dsv'
[3.930s] INFO:colcon.colcon_core.shell:Creating package script '/root/robot_ws/install/gazebo_map_creator_interface/share/gazebo_map_creator_interface/package.sh'
[3.930s] INFO:colcon.colcon_core.shell:Creating package script '/root/robot_ws/install/gazebo_map_creator_interface/share/gazebo_map_creator_interface/package.bash'
[3.931s] INFO:colcon.colcon_core.shell:Creating package script '/root/robot_ws/install/gazebo_map_creator_interface/share/gazebo_map_creator_interface/package.zsh'
[3.931s] Level 1:colcon.colcon_core.environment:create_file_with_runtime_dependencies(/root/robot_ws/install/gazebo_map_creator_interface/share/colcon-core/packages/gazebo_map_creator_interface)
[3.931s] INFO:colcon.colcon_ros.task.ament_cmake.build:Building ROS package in '/root/robot_ws/src/gazebo_map_creator/gazebo_map_creator' with build type 'ament_cmake'
[3.931s] INFO:colcon.colcon_cmake.task.cmake.build:Building CMake package in '/root/robot_ws/src/gazebo_map_creator/gazebo_map_creator'
[3.931s] INFO:colcon.colcon_core.shell:Skip shell extension 'powershell' for command environment: Not usable outside of PowerShell
[3.931s] DEBUG:colcon.colcon_core.shell:Skip shell extension 'dsv' for command environment
[3.939s] DEBUG:colcon.colcon_core.event_handler.log_command:Invoking command in '/root/robot_ws/build/gazebo_map_creator': AMENT_PREFIX_PATH=/root/robot_ws/install/gazebo_map_creator_interface:${AMENT_PREFIX_PATH} CMAKE_PREFIX_PATH=/root/robot_ws/install/gazebo_map_creator_interface:/opt/ros/humble LD_LIBRARY_PATH=/root/robot_ws/install/gazebo_map_creator_interface/lib:${LD_LIBRARY_PATH} PYTHONPATH=/root/robot_ws/install/gazebo_map_creator_interface/local/lib/python3.10/dist-packages:${PYTHONPATH} /usr/bin/cmake /root/robot_ws/src/gazebo_map_creator/gazebo_map_creator -DAMENT_CMAKE_SYMLINK_INSTALL=1 -DCMAKE_INSTALL_PREFIX=/root/robot_ws/install/gazebo_map_creator
[7.421s] DEBUG:colcon.colcon_core.event_handler.log_command:Invoked command in '/root/robot_ws/build/gazebo_map_creator' returned '0': AMENT_PREFIX_PATH=/root/robot_ws/install/gazebo_map_creator_interface:${AMENT_PREFIX_PATH} CMAKE_PREFIX_PATH=/root/robot_ws/install/gazebo_map_creator_interface:/opt/ros/humble LD_LIBRARY_PATH=/root/robot_ws/install/gazebo_map_creator_interface/lib:${LD_LIBRARY_PATH} PYTHONPATH=/root/robot_ws/install/gazebo_map_creator_interface/local/lib/python3.10/dist-packages:${PYTHONPATH} /usr/bin/cmake /root/robot_ws/src/gazebo_map_creator/gazebo_map_creator -DAMENT_CMAKE_SYMLINK_INSTALL=1 -DCMAKE_INSTALL_PREFIX=/root/robot_ws/install/gazebo_map_creator
[7.422s] DEBUG:colcon.colcon_core.event_handler.log_command:Invoking command in '/root/robot_ws/build/gazebo_map_creator': AMENT_PREFIX_PATH=/root/robot_ws/install/gazebo_map_creator_interface:${AMENT_PREFIX_PATH} CMAKE_PREFIX_PATH=/root/robot_ws/install/gazebo_map_creator_interface:/opt/ros/humble LD_LIBRARY_PATH=/root/robot_ws/install/gazebo_map_creator_interface/lib:${LD_LIBRARY_PATH} PYTHONPATH=/root/robot_ws/install/gazebo_map_creator_interface/local/lib/python3.10/dist-packages:${PYTHONPATH} /usr/bin/cmake --build /root/robot_ws/build/gazebo_map_creator -- -j16 -l16
[21.185s] DEBUG:colcon.colcon_core.event_handler.log_command:Invoked command in '/root/robot_ws/build/gazebo_map_creator' returned '0': AMENT_PREFIX_PATH=/root/robot_ws/install/gazebo_map_creator_interface:${AMENT_PREFIX_PATH} CMAKE_PREFIX_PATH=/root/robot_ws/install/gazebo_map_creator_interface:/opt/ros/humble LD_LIBRARY_PATH=/root/robot_ws/install/gazebo_map_creator_interface/lib:${LD_LIBRARY_PATH} PYTHONPATH=/root/robot_ws/install/gazebo_map_creator_interface/local/lib/python3.10/dist-packages:${PYTHONPATH} /usr/bin/cmake --build /root/robot_ws/build/gazebo_map_creator -- -j16 -l16
[21.187s] DEBUG:colcon.colcon_core.event_handler.log_command:Invoking command in '/root/robot_ws/build/gazebo_map_creator': AMENT_PREFIX_PATH=/root/robot_ws/install/gazebo_map_creator_interface:${AMENT_PREFIX_PATH} CMAKE_PREFIX_PATH=/root/robot_ws/install/gazebo_map_creator_interface:/opt/ros/humble LD_LIBRARY_PATH=/root/robot_ws/install/gazebo_map_creator_interface/lib:${LD_LIBRARY_PATH} PYTHONPATH=/root/robot_ws/install/gazebo_map_creator_interface/local/lib/python3.10/dist-packages:${PYTHONPATH} /usr/bin/cmake --install /root/robot_ws/build/gazebo_map_creator
[21.372s] Level 1:colcon.colcon_core.environment:create_environment_scripts_only(gazebo_map_creator)
[21.372s] Level 1:colcon.colcon_core.environment:checking '/root/robot_ws/install/gazebo_map_creator' for CMake module files
[21.372s] DEBUG:colcon.colcon_core.event_handler.log_command:Invoked command in '/root/robot_ws/build/gazebo_map_creator' returned '0': AMENT_PREFIX_PATH=/root/robot_ws/install/gazebo_map_creator_interface:${AMENT_PREFIX_PATH} CMAKE_PREFIX_PATH=/root/robot_ws/install/gazebo_map_creator_interface:/opt/ros/humble LD_LIBRARY_PATH=/root/robot_ws/install/gazebo_map_creator_interface/lib:${LD_LIBRARY_PATH} PYTHONPATH=/root/robot_ws/install/gazebo_map_creator_interface/local/lib/python3.10/dist-packages:${PYTHONPATH} /usr/bin/cmake --install /root/robot_ws/build/gazebo_map_creator
[21.373s] Level 1:colcon.colcon_core.environment:checking '/root/robot_ws/install/gazebo_map_creator' for CMake config files
[21.373s] Level 1:colcon.colcon_core.shell:create_environment_hook('gazebo_map_creator', 'cmake_prefix_path')
[21.373s] INFO:colcon.colcon_core.shell:Creating environment hook '/root/robot_ws/install/gazebo_map_creator/share/gazebo_map_creator/hook/cmake_prefix_path.ps1'
[21.373s] INFO:colcon.colcon_core.shell:Creating environment descriptor '/root/robot_ws/install/gazebo_map_creator/share/gazebo_map_creator/hook/cmake_prefix_path.dsv'
[21.374s] INFO:colcon.colcon_core.shell:Creating environment hook '/root/robot_ws/install/gazebo_map_creator/share/gazebo_map_creator/hook/cmake_prefix_path.sh'
[21.374s] Level 1:colcon.colcon_core.environment:checking '/root/robot_ws/install/gazebo_map_creator/lib'
[21.374s] Level 1:colcon.colcon_core.shell:create_environment_hook('gazebo_map_creator', 'ld_library_path_lib')
[21.374s] INFO:colcon.colcon_core.shell:Creating environment hook '/root/robot_ws/install/gazebo_map_creator/share/gazebo_map_creator/hook/ld_library_path_lib.ps1'
[21.374s] INFO:colcon.colcon_core.shell:Creating environment descriptor '/root/robot_ws/install/gazebo_map_creator/share/gazebo_map_creator/hook/ld_library_path_lib.dsv'
[21.375s] INFO:colcon.colcon_core.shell:Creating environment hook '/root/robot_ws/install/gazebo_map_creator/share/gazebo_map_creator/hook/ld_library_path_lib.sh'
[21.375s] Level 1:colcon.colcon_core.environment:checking '/root/robot_ws/install/gazebo_map_creator/bin'
[21.375s] Level 1:colcon.colcon_core.environment:checking '/root/robot_ws/install/gazebo_map_creator/lib/pkgconfig/gazebo_map_creator.pc'
[21.375s] Level 1:colcon.colcon_core.environment:checking '/root/robot_ws/install/gazebo_map_creator/lib/python3.10/site-packages'
[21.375s] Level 1:colcon.colcon_core.environment:checking '/root/robot_ws/install/gazebo_map_creator/bin'
[21.375s] INFO:colcon.colcon_core.shell:Creating package script '/root/robot_ws/install/gazebo_map_creator/share/gazebo_map_creator/package.ps1'
[21.376s] INFO:colcon.colcon_core.shell:Creating package descriptor '/root/robot_ws/install/gazebo_map_creator/share/gazebo_map_creator/package.dsv'
[21.376s] INFO:colcon.colcon_core.shell:Creating package script '/root/robot_ws/install/gazebo_map_creator/share/gazebo_map_creator/package.sh'
[21.376s] INFO:colcon.colcon_core.shell:Creating package script '/root/robot_ws/install/gazebo_map_creator/share/gazebo_map_creator/package.bash'
[21.376s] INFO:colcon.colcon_core.shell:Creating package script '/root/robot_ws/install/gazebo_map_creator/share/gazebo_map_creator/package.zsh'
[21.377s] Level 1:colcon.colcon_core.environment:create_file_with_runtime_dependencies(/root/robot_ws/install/gazebo_map_creator/share/colcon-core/packages/gazebo_map_creator)
[21.377s] Level 1:colcon.colcon_core.environment:create_environment_scripts_only(gazebo_map_creator)
[21.377s] Level 1:colcon.colcon_core.environment:checking '/root/robot_ws/install/gazebo_map_creator' for CMake module files
[21.377s] Level 1:colcon.colcon_core.environment:checking '/root/robot_ws/install/gazebo_map_creator' for CMake config files
[21.378s] Level 1:colcon.colcon_core.shell:create_environment_hook('gazebo_map_creator', 'cmake_prefix_path')
[21.378s] INFO:colcon.colcon_core.shell:Creating environment hook '/root/robot_ws/install/gazebo_map_creator/share/gazebo_map_creator/hook/cmake_prefix_path.ps1'
[21.378s] INFO:colcon.colcon_core.shell:Creating environment descriptor '/root/robot_ws/install/gazebo_map_creator/share/gazebo_map_creator/hook/cmake_prefix_path.dsv'
[21.379s] INFO:colcon.colcon_core.shell:Creating environment hook '/root/robot_ws/install/gazebo_map_creator/share/gazebo_map_creator/hook/cmake_prefix_path.sh'
[21.379s] Level 1:colcon.colcon_core.environment:checking '/root/robot_ws/install/gazebo_map_creator/lib'
[21.379s] Level 1:colcon.colcon_core.shell:create_environment_hook('gazebo_map_creator', 'ld_library_path_lib')
[21.379s] INFO:colcon.colcon_core.shell:Creating environment hook '/root/robot_ws/install/gazebo_map_creator/share/gazebo_map_creator/hook/ld_library_path_lib.ps1'
[21.380s] INFO:colcon.colcon_core.shell:Creating environment descriptor '/root/robot_ws/install/gazebo_map_creator/share/gazebo_map_creator/hook/ld_library_path_lib.dsv'
[21.381s] INFO:colcon.colcon_core.shell:Creating environment hook '/root/robot_ws/install/gazebo_map_creator/share/gazebo_map_creator/hook/ld_library_path_lib.sh'
[21.382s] Level 1:colcon.colcon_core.environment:checking '/root/robot_ws/install/gazebo_map_creator/bin'
[21.382s] Level 1:colcon.colcon_core.environment:checking '/root/robot_ws/install/gazebo_map_creator/lib/pkgconfig/gazebo_map_creator.pc'
[21.382s] Level 1:colcon.colcon_core.environment:checking '/root/robot_ws/install/gazebo_map_creator/lib/python3.10/site-packages'
[21.382s] Level 1:colcon.colcon_core.environment:checking '/root/robot_ws/install/gazebo_map_creator/bin'
[21.382s] INFO:colcon.colcon_core.shell:Creating package script '/root/robot_ws/install/gazebo_map_creator/share/gazebo_map_creator/package.ps1'
[21.383s] INFO:colcon.colcon_core.shell:Creating package descriptor '/root/robot_ws/install/gazebo_map_creator/share/gazebo_map_creator/package.dsv'
[21.383s] INFO:colcon.colcon_core.shell:Creating package script '/root/robot_ws/install/gazebo_map_creator/share/gazebo_map_creator/package.sh'
[21.383s] INFO:colcon.colcon_core.shell:Creating package script '/root/robot_ws/install/gazebo_map_creator/share/gazebo_map_creator/package.bash'
[21.384s] INFO:colcon.colcon_core.shell:Creating package script '/root/robot_ws/install/gazebo_map_creator/share/gazebo_map_creator/package.zsh'
[21.384s] Level 1:colcon.colcon_core.environment:create_file_with_runtime_dependencies(/root/robot_ws/install/gazebo_map_creator/share/colcon-core/packages/gazebo_map_creator)
[21.384s] DEBUG:colcon.colcon_parallel_executor.executor.parallel:closing loop
[21.384s] DEBUG:colcon.colcon_parallel_executor.executor.parallel:loop closed
[21.384s] DEBUG:colcon.colcon_parallel_executor.executor.parallel:run_until_complete finished with '0'
[21.384s] DEBUG:colcon.colcon_core.event_reactor:joining thread
[21.396s] INFO:colcon.colcon_core.plugin_system:Skipping extension 'colcon_notification.desktop_notification.notify_send': Could not find 'notify-send'
[21.396s] INFO:colcon.colcon_core.plugin_system:Skipping extension 'colcon_notification.desktop_notification.terminal_notifier': Not used on non-Darwin systems
[21.396s] INFO:colcon.colcon_core.plugin_system:Skipping extension 'colcon_notification.desktop_notification.win32': Not used on non-Windows systems
[21.396s] INFO:colcon.colcon_notification.desktop_notification:Sending desktop notification using 'notify2'
[21.398s] DEBUG:colcon.colcon_notification.desktop_notification.notify2:Failed to initialize notify2: org.freedesktop.DBus.Error.Spawn.ExecFailed: /usr/bin/dbus-launch terminated abnormally without any error message
[21.399s] DEBUG:colcon.colcon_core.event_reactor:joined thread
[21.399s] INFO:colcon.colcon_core.shell:Creating prefix script '/root/robot_ws/install/local_setup.ps1'
[21.400s] INFO:colcon.colcon_core.shell:Creating prefix util module '/root/robot_ws/install/_local_setup_util_ps1.py'
[21.402s] INFO:colcon.colcon_core.shell:Creating prefix chain script '/root/robot_ws/install/setup.ps1'
[21.403s] INFO:colcon.colcon_core.shell:Creating prefix script '/root/robot_ws/install/local_setup.sh'
[21.403s] INFO:colcon.colcon_core.shell:Creating prefix util module '/root/robot_ws/install/_local_setup_util_sh.py'
[21.404s] INFO:colcon.colcon_core.shell:Creating prefix chain script '/root/robot_ws/install/setup.sh'
[21.405s] INFO:colcon.colcon_core.shell:Creating prefix script '/root/robot_ws/install/local_setup.bash'
[21.405s] INFO:colcon.colcon_core.shell:Creating prefix chain script '/root/robot_ws/install/setup.bash'
[21.406s] INFO:colcon.colcon_core.shell:Creating prefix script '/root/robot_ws/install/local_setup.zsh'
[21.406s] INFO:colcon.colcon_core.shell:Creating prefix chain script '/root/robot_ws/install/setup.zsh'
