[0.008s] Invoking command in '/root/robot_ws/build/gazebo_map_creator_interface': CMAKE_PREFIX_PATH=/opt/ros/humble /usr/bin/cmake --build /root/robot_ws/build/gazebo_map_creator_interface -- -j16 -l16
[0.043s] [35m[1mConsolidate compiler generated dependencies of target gazebo_map_creator_interface__rosidl_generator_c[0m
[0.050s] [  3%] Built target gazebo_map_creator_interface__cpp
[0.053s] [ 12%] Built target gazebo_map_creator_interface__rosidl_generator_c
[0.054s] [ 12%] Built target ament_cmake_python_symlink_gazebo_map_creator_interface
[0.058s] [35m[1mConsolidate compiler generated dependencies of target gazebo_map_creator_interface__rosidl_typesupport_cpp[0m
[0.058s] [35m[1mConsolidate compiler generated dependencies of target gazebo_map_creator_interface__rosidl_typesupport_introspection_cpp[0m
[0.059s] [35m[1mConsolidate compiler generated dependencies of target gazebo_map_creator_interface__rosidl_typesupport_fastrtps_cpp[0m
[0.060s] [35m[1mConsolidate compiler generated dependencies of target gazebo_map_creator_interface__rosidl_typesupport_c[0m
[0.061s] [35m[1mConsolidate compiler generated dependencies of target gazebo_map_creator_interface__rosidl_typesupport_introspection_c[0m
[0.061s] [35m[1mConsolidate compiler generated dependencies of target gazebo_map_creator_interface__rosidl_typesupport_fastrtps_c[0m
[0.069s] [ 29%] Built target gazebo_map_creator_interface__rosidl_typesupport_cpp
[0.069s] [ 35%] Built target gazebo_map_creator_interface__rosidl_typesupport_c
[0.069s] [ 41%] Built target gazebo_map_creator_interface__rosidl_typesupport_introspection_cpp
[0.069s] [ 51%] Built target gazebo_map_creator_interface__rosidl_typesupport_introspection_c
[0.071s] [ 61%] Built target gazebo_map_creator_interface__rosidl_typesupport_fastrtps_cpp
[0.072s] [ 70%] Built target gazebo_map_creator_interface__rosidl_typesupport_fastrtps_c
[0.087s] [ 70%] Built target gazebo_map_creator_interface
[0.104s] [ 74%] Built target gazebo_map_creator_interface__py
[0.113s] [35m[1mConsolidate compiler generated dependencies of target gazebo_map_creator_interface__rosidl_generator_py[0m
[0.126s] [ 80%] Built target gazebo_map_creator_interface__rosidl_generator_py
[0.134s] [35m[1mConsolidate compiler generated dependencies of target gazebo_map_creator_interface__rosidl_typesupport_c__pyext[0m
[0.134s] [35m[1mConsolidate compiler generated dependencies of target gazebo_map_creator_interface__rosidl_typesupport_introspection_c__pyext[0m
[0.134s] [35m[1mConsolidate compiler generated dependencies of target gazebo_map_creator_interface__rosidl_typesupport_fastrtps_c__pyext[0m
[0.145s] [ 87%] Built target gazebo_map_creator_interface__rosidl_typesupport_introspection_c__pyext
[0.145s] [ 93%] Built target gazebo_map_creator_interface__rosidl_typesupport_c__pyext
[0.146s] [100%] Built target gazebo_map_creator_interface__rosidl_typesupport_fastrtps_c__pyext
[0.207s] running egg_info
[0.207s] writing gazebo_map_creator_interface.egg-info/PKG-INFO
[0.207s] writing dependency_links to gazebo_map_creator_interface.egg-info/dependency_links.txt
[0.207s] writing top-level names to gazebo_map_creator_interface.egg-info/top_level.txt
[0.208s] reading manifest file 'gazebo_map_creator_interface.egg-info/SOURCES.txt'
[0.209s] writing manifest file 'gazebo_map_creator_interface.egg-info/SOURCES.txt'
[0.227s] [100%] Built target ament_cmake_python_build_gazebo_map_creator_interface_egg
[0.237s] Invoked command in '/root/robot_ws/build/gazebo_map_creator_interface' returned '0': CMAKE_PREFIX_PATH=/opt/ros/humble /usr/bin/cmake --build /root/robot_ws/build/gazebo_map_creator_interface -- -j16 -l16
[0.245s] Invoking command in '/root/robot_ws/build/gazebo_map_creator_interface': CMAKE_PREFIX_PATH=/opt/ros/humble /usr/bin/cmake --install /root/robot_ws/build/gazebo_map_creator_interface
[0.251s] -- Install configuration: ""
[0.251s] -- Execute custom install script
[0.252s] -- Up-to-date symlink: /root/robot_ws/install/gazebo_map_creator_interface/share/ament_index/resource_index/rosidl_interfaces/gazebo_map_creator_interface
[0.252s] -- Up-to-date symlink: /root/robot_ws/install/gazebo_map_creator_interface/include/gazebo_map_creator_interface/gazebo_map_creator_interface/msg/rosidl_generator_c__visibility_control.h
[0.252s] -- Up-to-date symlink: /root/robot_ws/install/gazebo_map_creator_interface/include/gazebo_map_creator_interface/gazebo_map_creator_interface/srv/detail/map_request__functions.h
[0.252s] -- Up-to-date symlink: /root/robot_ws/install/gazebo_map_creator_interface/include/gazebo_map_creator_interface/gazebo_map_creator_interface/srv/detail/map_request__struct.h
[0.252s] -- Up-to-date symlink: /root/robot_ws/install/gazebo_map_creator_interface/include/gazebo_map_creator_interface/gazebo_map_creator_interface/srv/detail/map_request__type_support.h
[0.252s] -- Up-to-date symlink: /root/robot_ws/install/gazebo_map_creator_interface/include/gazebo_map_creator_interface/gazebo_map_creator_interface/srv/map_request.h
[0.253s] -- Up-to-date symlink: /root/robot_ws/install/gazebo_map_creator_interface/share/gazebo_map_creator_interface/environment/library_path.sh
[0.253s] -- Up-to-date symlink: /root/robot_ws/install/gazebo_map_creator_interface/share/gazebo_map_creator_interface/environment/library_path.dsv
[0.253s] -- Up-to-date symlink: /root/robot_ws/install/gazebo_map_creator_interface/include/gazebo_map_creator_interface/gazebo_map_creator_interface/msg/rosidl_typesupport_fastrtps_c__visibility_control.h
[0.253s] -- Up-to-date symlink: /root/robot_ws/install/gazebo_map_creator_interface/include/gazebo_map_creator_interface/gazebo_map_creator_interface/srv/detail/map_request__rosidl_typesupport_fastrtps_c.h
[0.254s] -- Up-to-date symlink: /root/robot_ws/install/gazebo_map_creator_interface/include/gazebo_map_creator_interface/gazebo_map_creator_interface/msg/rosidl_generator_cpp__visibility_control.hpp
[0.254s] -- Up-to-date symlink: /root/robot_ws/install/gazebo_map_creator_interface/include/gazebo_map_creator_interface/gazebo_map_creator_interface/srv/detail/map_request__builder.hpp
[0.254s] -- Up-to-date symlink: /root/robot_ws/install/gazebo_map_creator_interface/include/gazebo_map_creator_interface/gazebo_map_creator_interface/srv/detail/map_request__struct.hpp
[0.254s] -- Up-to-date symlink: /root/robot_ws/install/gazebo_map_creator_interface/include/gazebo_map_creator_interface/gazebo_map_creator_interface/srv/detail/map_request__traits.hpp
[0.254s] -- Up-to-date symlink: /root/robot_ws/install/gazebo_map_creator_interface/include/gazebo_map_creator_interface/gazebo_map_creator_interface/srv/detail/map_request__type_support.hpp
[0.254s] -- Up-to-date symlink: /root/robot_ws/install/gazebo_map_creator_interface/include/gazebo_map_creator_interface/gazebo_map_creator_interface/srv/map_request.hpp
[0.254s] -- Up-to-date symlink: /root/robot_ws/install/gazebo_map_creator_interface/include/gazebo_map_creator_interface/gazebo_map_creator_interface/msg/rosidl_typesupport_fastrtps_cpp__visibility_control.h
[0.255s] -- Up-to-date symlink: /root/robot_ws/install/gazebo_map_creator_interface/include/gazebo_map_creator_interface/gazebo_map_creator_interface/srv/detail/map_request__rosidl_typesupport_fastrtps_cpp.hpp
[0.255s] -- Up-to-date symlink: /root/robot_ws/install/gazebo_map_creator_interface/include/gazebo_map_creator_interface/gazebo_map_creator_interface/msg/rosidl_typesupport_introspection_c__visibility_control.h
[0.255s] -- Up-to-date symlink: /root/robot_ws/install/gazebo_map_creator_interface/include/gazebo_map_creator_interface/gazebo_map_creator_interface/srv/detail/map_request__rosidl_typesupport_introspection_c.h
[0.255s] -- Up-to-date symlink: /root/robot_ws/install/gazebo_map_creator_interface/include/gazebo_map_creator_interface/gazebo_map_creator_interface/srv/detail/map_request__rosidl_typesupport_introspection_cpp.hpp
[0.255s] -- Up-to-date symlink: /root/robot_ws/install/gazebo_map_creator_interface/share/gazebo_map_creator_interface/environment/pythonpath.sh
[0.255s] -- Up-to-date symlink: /root/robot_ws/install/gazebo_map_creator_interface/share/gazebo_map_creator_interface/environment/pythonpath.dsv
[0.256s] -- Up-to-date symlink: /root/robot_ws/install/gazebo_map_creator_interface/local/lib/python3.10/dist-packages/gazebo_map_creator_interface-3.5.3-py3.10.egg-info/PKG-INFO
[0.256s] -- Up-to-date symlink: /root/robot_ws/install/gazebo_map_creator_interface/local/lib/python3.10/dist-packages/gazebo_map_creator_interface-3.5.3-py3.10.egg-info/SOURCES.txt
[0.256s] -- Up-to-date symlink: /root/robot_ws/install/gazebo_map_creator_interface/local/lib/python3.10/dist-packages/gazebo_map_creator_interface-3.5.3-py3.10.egg-info/dependency_links.txt
[0.256s] -- Up-to-date symlink: /root/robot_ws/install/gazebo_map_creator_interface/local/lib/python3.10/dist-packages/gazebo_map_creator_interface-3.5.3-py3.10.egg-info/top_level.txt
[0.256s] -- Up-to-date symlink: /root/robot_ws/install/gazebo_map_creator_interface/local/lib/python3.10/dist-packages/gazebo_map_creator_interface/__init__.py
[0.256s] -- Up-to-date symlink: /root/robot_ws/install/gazebo_map_creator_interface/local/lib/python3.10/dist-packages/gazebo_map_creator_interface/_gazebo_map_creator_interface_s.ep.rosidl_typesupport_c.c
[0.257s] -- Up-to-date symlink: /root/robot_ws/install/gazebo_map_creator_interface/local/lib/python3.10/dist-packages/gazebo_map_creator_interface/_gazebo_map_creator_interface_s.ep.rosidl_typesupport_fastrtps_c.c
[0.257s] -- Up-to-date symlink: /root/robot_ws/install/gazebo_map_creator_interface/local/lib/python3.10/dist-packages/gazebo_map_creator_interface/_gazebo_map_creator_interface_s.ep.rosidl_typesupport_introspection_c.c
[0.257s] -- Up-to-date symlink: /root/robot_ws/install/gazebo_map_creator_interface/local/lib/python3.10/dist-packages/gazebo_map_creator_interface/gazebo_map_creator_interface_s__rosidl_typesupport_c.cpython-310-x86_64-linux-gnu.so
[0.257s] -- Up-to-date symlink: /root/robot_ws/install/gazebo_map_creator_interface/local/lib/python3.10/dist-packages/gazebo_map_creator_interface/gazebo_map_creator_interface_s__rosidl_typesupport_fastrtps_c.cpython-310-x86_64-linux-gnu.so
[0.257s] -- Up-to-date symlink: /root/robot_ws/install/gazebo_map_creator_interface/local/lib/python3.10/dist-packages/gazebo_map_creator_interface/gazebo_map_creator_interface_s__rosidl_typesupport_introspection_c.cpython-310-x86_64-linux-gnu.so
[0.257s] -- Up-to-date symlink: /root/robot_ws/install/gazebo_map_creator_interface/local/lib/python3.10/dist-packages/gazebo_map_creator_interface/libgazebo_map_creator_interface__rosidl_generator_py.so
[0.257s] -- Up-to-date symlink: /root/robot_ws/install/gazebo_map_creator_interface/local/lib/python3.10/dist-packages/gazebo_map_creator_interface/srv/__init__.py
[0.257s] -- Up-to-date symlink: /root/robot_ws/install/gazebo_map_creator_interface/local/lib/python3.10/dist-packages/gazebo_map_creator_interface/srv/_map_request.py
[0.257s] -- Up-to-date symlink: /root/robot_ws/install/gazebo_map_creator_interface/local/lib/python3.10/dist-packages/gazebo_map_creator_interface/srv/_map_request_s.c
[0.257s] -- Up-to-date symlink: /root/robot_ws/install/gazebo_map_creator_interface/local/lib/python3.10/dist-packages/gazebo_map_creator_interface/gazebo_map_creator_interface_s__rosidl_typesupport_fastrtps_c.cpython-310-x86_64-linux-gnu.so
[0.258s] -- Up-to-date symlink: /root/robot_ws/install/gazebo_map_creator_interface/local/lib/python3.10/dist-packages/gazebo_map_creator_interface/gazebo_map_creator_interface_s__rosidl_typesupport_introspection_c.cpython-310-x86_64-linux-gnu.so
[0.258s] -- Up-to-date symlink: /root/robot_ws/install/gazebo_map_creator_interface/local/lib/python3.10/dist-packages/gazebo_map_creator_interface/gazebo_map_creator_interface_s__rosidl_typesupport_c.cpython-310-x86_64-linux-gnu.so
[0.258s] -- Up-to-date symlink: /root/robot_ws/install/gazebo_map_creator_interface/share/gazebo_map_creator_interface/srv/MapRequest.idl
[0.258s] -- Up-to-date symlink: /root/robot_ws/install/gazebo_map_creator_interface/share/gazebo_map_creator_interface/srv/MapRequest.srv
[0.258s] -- Up-to-date symlink: /root/robot_ws/install/gazebo_map_creator_interface/share/gazebo_map_creator_interface/srv/MapRequest_Request.msg
[0.258s] -- Up-to-date symlink: /root/robot_ws/install/gazebo_map_creator_interface/share/gazebo_map_creator_interface/srv/MapRequest_Response.msg
[0.258s] -- Up-to-date symlink: /root/robot_ws/install/gazebo_map_creator_interface/share/ament_index/resource_index/package_run_dependencies/gazebo_map_creator_interface
[0.258s] -- Up-to-date symlink: /root/robot_ws/install/gazebo_map_creator_interface/share/ament_index/resource_index/parent_prefix_path/gazebo_map_creator_interface
[0.259s] -- Up-to-date symlink: /root/robot_ws/install/gazebo_map_creator_interface/share/gazebo_map_creator_interface/environment/ament_prefix_path.sh
[0.259s] -- Up-to-date symlink: /root/robot_ws/install/gazebo_map_creator_interface/share/gazebo_map_creator_interface/environment/ament_prefix_path.dsv
[0.259s] -- Up-to-date symlink: /root/robot_ws/install/gazebo_map_creator_interface/share/gazebo_map_creator_interface/environment/path.sh
[0.259s] -- Up-to-date symlink: /root/robot_ws/install/gazebo_map_creator_interface/share/gazebo_map_creator_interface/environment/path.dsv
[0.259s] -- Up-to-date symlink: /root/robot_ws/install/gazebo_map_creator_interface/share/gazebo_map_creator_interface/local_setup.bash
[0.259s] -- Up-to-date symlink: /root/robot_ws/install/gazebo_map_creator_interface/share/gazebo_map_creator_interface/local_setup.sh
[0.259s] -- Up-to-date symlink: /root/robot_ws/install/gazebo_map_creator_interface/share/gazebo_map_creator_interface/local_setup.zsh
[0.259s] -- Up-to-date symlink: /root/robot_ws/install/gazebo_map_creator_interface/share/gazebo_map_creator_interface/local_setup.dsv
[0.259s] -- Symlinking: /root/robot_ws/install/gazebo_map_creator_interface/share/gazebo_map_creator_interface/package.dsv
[0.266s] -- Up-to-date symlink: /root/robot_ws/install/gazebo_map_creator_interface/share/ament_index/resource_index/packages/gazebo_map_creator_interface
[0.266s] -- Up-to-date symlink: /root/robot_ws/install/gazebo_map_creator_interface/share/gazebo_map_creator_interface/cmake/rosidl_cmake-extras.cmake
[0.266s] -- Up-to-date symlink: /root/robot_ws/install/gazebo_map_creator_interface/share/gazebo_map_creator_interface/cmake/ament_cmake_export_dependencies-extras.cmake
[0.266s] -- Up-to-date symlink: /root/robot_ws/install/gazebo_map_creator_interface/share/gazebo_map_creator_interface/cmake/ament_cmake_export_include_directories-extras.cmake
[0.267s] -- Up-to-date symlink: /root/robot_ws/install/gazebo_map_creator_interface/share/gazebo_map_creator_interface/cmake/ament_cmake_export_libraries-extras.cmake
[0.267s] -- Up-to-date symlink: /root/robot_ws/install/gazebo_map_creator_interface/share/gazebo_map_creator_interface/cmake/ament_cmake_export_targets-extras.cmake
[0.267s] -- Up-to-date symlink: /root/robot_ws/install/gazebo_map_creator_interface/share/gazebo_map_creator_interface/cmake/rosidl_cmake_export_typesupport_targets-extras.cmake
[0.267s] -- Up-to-date symlink: /root/robot_ws/install/gazebo_map_creator_interface/share/gazebo_map_creator_interface/cmake/rosidl_cmake_export_typesupport_libraries-extras.cmake
[0.267s] -- Up-to-date symlink: /root/robot_ws/install/gazebo_map_creator_interface/share/gazebo_map_creator_interface/cmake/gazebo_map_creator_interfaceConfig.cmake
[0.267s] -- Up-to-date symlink: /root/robot_ws/install/gazebo_map_creator_interface/share/gazebo_map_creator_interface/cmake/gazebo_map_creator_interfaceConfig-version.cmake
[0.267s] -- Up-to-date symlink: /root/robot_ws/install/gazebo_map_creator_interface/share/gazebo_map_creator_interface/package.xml
[0.267s] -- Up-to-date: /root/robot_ws/install/gazebo_map_creator_interface/lib/libgazebo_map_creator_interface__rosidl_generator_c.so
[0.268s] -- Up-to-date: /root/robot_ws/install/gazebo_map_creator_interface/lib/libgazebo_map_creator_interface__rosidl_typesupport_fastrtps_c.so
[0.268s] -- Up-to-date: /root/robot_ws/install/gazebo_map_creator_interface/lib/libgazebo_map_creator_interface__rosidl_typesupport_fastrtps_cpp.so
[0.268s] -- Up-to-date: /root/robot_ws/install/gazebo_map_creator_interface/lib/libgazebo_map_creator_interface__rosidl_typesupport_introspection_c.so
[0.268s] -- Up-to-date: /root/robot_ws/install/gazebo_map_creator_interface/lib/libgazebo_map_creator_interface__rosidl_typesupport_c.so
[0.269s] -- Up-to-date: /root/robot_ws/install/gazebo_map_creator_interface/lib/libgazebo_map_creator_interface__rosidl_typesupport_introspection_cpp.so
[0.269s] -- Up-to-date: /root/robot_ws/install/gazebo_map_creator_interface/lib/libgazebo_map_creator_interface__rosidl_typesupport_cpp.so
[0.292s] Listing '/root/robot_ws/install/gazebo_map_creator_interface/local/lib/python3.10/dist-packages/gazebo_map_creator_interface'...
[0.292s] Listing '/root/robot_ws/install/gazebo_map_creator_interface/local/lib/python3.10/dist-packages/gazebo_map_creator_interface/srv'...
[0.294s] -- Up-to-date: /root/robot_ws/install/gazebo_map_creator_interface/lib/libgazebo_map_creator_interface__rosidl_generator_py.so
[0.295s] -- Up-to-date: /root/robot_ws/install/gazebo_map_creator_interface/share/gazebo_map_creator_interface/cmake/export_gazebo_map_creator_interface__rosidl_generator_cExport.cmake
[0.295s] -- Up-to-date: /root/robot_ws/install/gazebo_map_creator_interface/share/gazebo_map_creator_interface/cmake/export_gazebo_map_creator_interface__rosidl_generator_cExport-noconfig.cmake
[0.295s] -- Up-to-date: /root/robot_ws/install/gazebo_map_creator_interface/share/gazebo_map_creator_interface/cmake/export_gazebo_map_creator_interface__rosidl_typesupport_fastrtps_cExport.cmake
[0.295s] -- Up-to-date: /root/robot_ws/install/gazebo_map_creator_interface/share/gazebo_map_creator_interface/cmake/export_gazebo_map_creator_interface__rosidl_typesupport_fastrtps_cExport-noconfig.cmake
[0.295s] -- Up-to-date: /root/robot_ws/install/gazebo_map_creator_interface/share/gazebo_map_creator_interface/cmake/export_gazebo_map_creator_interface__rosidl_generator_cppExport.cmake
[0.295s] -- Up-to-date: /root/robot_ws/install/gazebo_map_creator_interface/share/gazebo_map_creator_interface/cmake/export_gazebo_map_creator_interface__rosidl_typesupport_fastrtps_cppExport.cmake
[0.295s] -- Up-to-date: /root/robot_ws/install/gazebo_map_creator_interface/share/gazebo_map_creator_interface/cmake/export_gazebo_map_creator_interface__rosidl_typesupport_fastrtps_cppExport-noconfig.cmake
[0.295s] -- Up-to-date: /root/robot_ws/install/gazebo_map_creator_interface/share/gazebo_map_creator_interface/cmake/gazebo_map_creator_interface__rosidl_typesupport_introspection_cExport.cmake
[0.295s] -- Up-to-date: /root/robot_ws/install/gazebo_map_creator_interface/share/gazebo_map_creator_interface/cmake/gazebo_map_creator_interface__rosidl_typesupport_introspection_cExport-noconfig.cmake
[0.295s] -- Up-to-date: /root/robot_ws/install/gazebo_map_creator_interface/share/gazebo_map_creator_interface/cmake/gazebo_map_creator_interface__rosidl_typesupport_cExport.cmake
[0.295s] -- Up-to-date: /root/robot_ws/install/gazebo_map_creator_interface/share/gazebo_map_creator_interface/cmake/gazebo_map_creator_interface__rosidl_typesupport_cExport-noconfig.cmake
[0.295s] -- Up-to-date: /root/robot_ws/install/gazebo_map_creator_interface/share/gazebo_map_creator_interface/cmake/gazebo_map_creator_interface__rosidl_typesupport_introspection_cppExport.cmake
[0.295s] -- Up-to-date: /root/robot_ws/install/gazebo_map_creator_interface/share/gazebo_map_creator_interface/cmake/gazebo_map_creator_interface__rosidl_typesupport_introspection_cppExport-noconfig.cmake
[0.296s] -- Up-to-date: /root/robot_ws/install/gazebo_map_creator_interface/share/gazebo_map_creator_interface/cmake/gazebo_map_creator_interface__rosidl_typesupport_cppExport.cmake
[0.296s] -- Up-to-date: /root/robot_ws/install/gazebo_map_creator_interface/share/gazebo_map_creator_interface/cmake/gazebo_map_creator_interface__rosidl_typesupport_cppExport-noconfig.cmake
[0.296s] -- Up-to-date: /root/robot_ws/install/gazebo_map_creator_interface/share/gazebo_map_creator_interface/cmake/export_gazebo_map_creator_interface__rosidl_generator_pyExport.cmake
[0.296s] -- Up-to-date: /root/robot_ws/install/gazebo_map_creator_interface/share/gazebo_map_creator_interface/cmake/export_gazebo_map_creator_interface__rosidl_generator_pyExport-noconfig.cmake
[0.298s] Invoked command in '/root/robot_ws/build/gazebo_map_creator_interface' returned '0': CMAKE_PREFIX_PATH=/opt/ros/humble /usr/bin/cmake --install /root/robot_ws/build/gazebo_map_creator_interface
